<?xml version="1.0" encoding="UTF-8"?>
<!-- Generated by org.testng.reporters.JUnitReportReporter -->
<testsuite hostname="DESKTOP-RRGPARO" failures="0" tests="27" name="Testcases_US.US_OfferMgmt" time="102.747" errors="1" timestamp="2023-07-26T16:12:51 IST" skipped="0">
  <testcase classname="Testcases_US.US_OfferMgmt" name="Clinical_NewEmp" time="0.503"/>
  <system-out>
    <![CDATA[<a href='C:\Users\Bindhu\eclipse-workspace\CPX_Framework\ScreenShots\Pass_screenshots\Clinical_NewEmp_26-07-2023_04-11-12.png'> <img src='C:\Users\Bindhu\eclipse-workspace\CPX_Framework\ScreenShots\Pass_screenshots\Clinical_NewEmp_26-07-2023_04-11-12.png' height='100' width='100'/> </a>]]>
  </system-out>
  <testcase classname="Testcases_US.US_OfferMgmt" name="Clinical_NewEmp" time="0.432"/>
  <system-out>
    <![CDATA[<a href='C:\Users\Bindhu\eclipse-workspace\CPX_Framework\ScreenShots\Pass_screenshots\Clinical_NewEmp_26-07-2023_04-11-21.png'> <img src='C:\Users\Bindhu\eclipse-workspace\CPX_Framework\ScreenShots\Pass_screenshots\Clinical_NewEmp_26-07-2023_04-11-21.png' height='100' width='100'/> </a>]]>
  </system-out>
  <testcase classname="Testcases_US.US_OfferMgmt" name="Clinical_NewEmp" time="0.711"/>
  <system-out>
    <![CDATA[<a href='C:\Users\Bindhu\eclipse-workspace\CPX_Framework\ScreenShots\Pass_screenshots\Clinical_NewEmp_26-07-2023_04-11-06.png'> <img src='C:\Users\Bindhu\eclipse-workspace\CPX_Framework\ScreenShots\Pass_screenshots\Clinical_NewEmp_26-07-2023_04-11-06.png' height='100' width='100'/> </a>]]>
  </system-out>
  <testcase classname="Testcases_US.US_OfferMgmt" name="Clinical_NewEmp" time="0.461"/>
  <system-out>
    <![CDATA[<a href='C:\Users\Bindhu\eclipse-workspace\CPX_Framework\ScreenShots\Pass_screenshots\Clinical_NewEmp_26-07-2023_04-11-20.png'> <img src='C:\Users\Bindhu\eclipse-workspace\CPX_Framework\ScreenShots\Pass_screenshots\Clinical_NewEmp_26-07-2023_04-11-20.png' height='100' width='100'/> </a>]]>
  </system-out>
  <testcase classname="Testcases_US.US_OfferMgmt" name="Clinical_NewEmp" time="0.544"/>
  <system-out>
    <![CDATA[<a href='C:\Users\Bindhu\eclipse-workspace\CPX_Framework\ScreenShots\Pass_screenshots\Clinical_NewEmp_26-07-2023_04-11-17.png'> <img src='C:\Users\Bindhu\eclipse-workspace\CPX_Framework\ScreenShots\Pass_screenshots\Clinical_NewEmp_26-07-2023_04-11-17.png' height='100' width='100'/> </a>]]>
  </system-out>
  <testcase classname="Testcases_US.US_OfferMgmt" name="Clinical_NewEmp" time="0.492"/>
  <system-out>
    <![CDATA[<a href='C:\Users\Bindhu\eclipse-workspace\CPX_Framework\ScreenShots\Pass_screenshots\Clinical_NewEmp_26-07-2023_04-11-13.png'> <img src='C:\Users\Bindhu\eclipse-workspace\CPX_Framework\ScreenShots\Pass_screenshots\Clinical_NewEmp_26-07-2023_04-11-13.png' height='100' width='100'/> </a>]]>
  </system-out>
  <testcase classname="Testcases_US.US_OfferMgmt" name="Clinical_NewEmp" time="0.585"/>
  <system-out>
    <![CDATA[<a href='C:\Users\Bindhu\eclipse-workspace\CPX_Framework\ScreenShots\Pass_screenshots\Clinical_NewEmp_26-07-2023_04-11-07.png'> <img src='C:\Users\Bindhu\eclipse-workspace\CPX_Framework\ScreenShots\Pass_screenshots\Clinical_NewEmp_26-07-2023_04-11-07.png' height='100' width='100'/> </a>]]>
  </system-out>
  <testcase classname="Testcases_US.US_OfferMgmt" name="Clinical_NewEmp" time="88.476">
    <error message="no such element: Unable to locate element: {&quot;method&quot;:&quot;xpath&quot;,&quot;selector&quot;:&quot;//a[@class=&#039;t-link&#039;]//span[contains(@class, &#039;t-icon t-arrow-next&#039;) and contains(text(), &#039;next&#039;)]&quot;}
  (Session info: chrome=114.0.5735.199)
For documentation on this error, please visit: https://www.seleniumhq.org/exceptions/no_such_element.html
Build info: version: &#039;3.141.59&#039;, revision: &#039;e82be7d358&#039;, time: &#039;2018-11-14T08:17:03&#039;
System info: host: &#039;DESKTOP-RRGPARO&#039;, ip: &#039;192.168.1.103&#039;, os.name: &#039;Windows 11&#039;, os.arch: &#039;amd64&#039;, os.version: &#039;10.0&#039;, java.version: &#039;20.0.1&#039;
Driver info: org.openqa.selenium.chrome.ChromeDriver
Capabilities {acceptInsecureCerts: false, browserName: chrome, browserVersion: 114.0.5735.199, chrome: {chromedriverVersion: 114.0.5735.90 (386bc09e8f4f..., userDataDir: C:\Users\Bindhu\AppData\Loc...}, goog:chromeOptions: {debuggerAddress: localhost:53541}, javascriptEnabled: true, networkConnectionEnabled: false, pageLoadStrategy: normal, platform: WINDOWS, platformName: WINDOWS, proxy: Proxy(), setWindowRect: true, strictFileInteractability: false, timeouts: {implicit: 0, pageLoad: 300000, script: 30000}, unhandledPromptBehavior: dismiss and notify, webauthn:extension:credBlob: true, webauthn:extension:largeBlob: true, webauthn:extension:minPinLength: true, webauthn:extension:prf: true, webauthn:virtualAuthenticators: true}
Session ID: 8cd6471434d74081abbebff312e5ec8a
*** Element info: {Using=xpath, value=//a[@class=&#039;t-link&#039;]//span[contains(@class, &#039;t-icon t-arrow-next&#039;) and contains(text(), &#039;next&#039;)]}" type="org.openqa.selenium.NoSuchElementException">
      <![CDATA[org.openqa.selenium.NoSuchElementException: no such element: Unable to locate element: {"method":"xpath","selector":"//a[@class='t-link']//span[contains(@class, 't-icon t-arrow-next') and contains(text(), 'next')]"}
  (Session info: chrome=114.0.5735.199)
For documentation on this error, please visit: https://www.seleniumhq.org/exceptions/no_such_element.html
Build info: version: '3.141.59', revision: 'e82be7d358', time: '2018-11-14T08:17:03'
System info: host: 'DESKTOP-RRGPARO', ip: '192.168.1.103', os.name: 'Windows 11', os.arch: 'amd64', os.version: '10.0', java.version: '20.0.1'
Driver info: org.openqa.selenium.chrome.ChromeDriver
Capabilities {acceptInsecureCerts: false, browserName: chrome, browserVersion: 114.0.5735.199, chrome: {chromedriverVersion: 114.0.5735.90 (386bc09e8f4f..., userDataDir: C:\Users\Bindhu\AppData\Loc...}, goog:chromeOptions: {debuggerAddress: localhost:53541}, javascriptEnabled: true, networkConnectionEnabled: false, pageLoadStrategy: normal, platform: WINDOWS, platformName: WINDOWS, proxy: Proxy(), setWindowRect: true, strictFileInteractability: false, timeouts: {implicit: 0, pageLoad: 300000, script: 30000}, unhandledPromptBehavior: dismiss and notify, webauthn:extension:credBlob: true, webauthn:extension:largeBlob: true, webauthn:extension:minPinLength: true, webauthn:extension:prf: true, webauthn:virtualAuthenticators: true}
Session ID: 8cd6471434d74081abbebff312e5ec8a
*** Element info: {Using=xpath, value=//a[@class='t-link']//span[contains(@class, 't-icon t-arrow-next') and contains(text(), 'next')]}
at java.base/jdk.internal.reflect.DirectConstructorHandleAccessor.newInstance(DirectConstructorHandleAccessor.java:67)
at java.base/java.lang.reflect.Constructor.newInstanceWithCaller(Constructor.java:500)
at java.base/java.lang.reflect.Constructor.newInstance(Constructor.java:484)
at org.openqa.selenium.remote.http.W3CHttpResponseCodec.createException(W3CHttpResponseCodec.java:187)
at org.openqa.selenium.remote.http.W3CHttpResponseCodec.decode(W3CHttpResponseCodec.java:122)
at org.openqa.selenium.remote.http.W3CHttpResponseCodec.decode(W3CHttpResponseCodec.java:49)
at org.openqa.selenium.remote.HttpCommandExecutor.execute(HttpCommandExecutor.java:158)
at org.openqa.selenium.remote.service.DriverCommandExecutor.execute(DriverCommandExecutor.java:83)
at org.openqa.selenium.remote.RemoteWebDriver.execute(RemoteWebDriver.java:552)
at org.openqa.selenium.remote.RemoteWebDriver.findElement(RemoteWebDriver.java:323)
at org.openqa.selenium.remote.RemoteWebDriver.findElementByXPath(RemoteWebDriver.java:428)
at org.openqa.selenium.By$ByXPath.findElement(By.java:353)
at org.openqa.selenium.remote.RemoteWebDriver.findElement(RemoteWebDriver.java:315)
at Page_Objects.TJCDoc_Approval.OBModule_TJC_Approval(TJCDoc_Approval.java:245)
at Testcases_US.US_OfferMgmt.Clinical_NewEmp(US_OfferMgmt.java:77)
at java.base/jdk.internal.reflect.DirectMethodHandleAccessor.invoke(DirectMethodHandleAccessor.java:104)
at java.base/java.lang.reflect.Method.invoke(Method.java:578)
at org.testng.internal.MethodInvocationHelper.invokeMethod(MethodInvocationHelper.java:133)
at org.testng.internal.TestInvoker.invokeMethod(TestInvoker.java:598)
at org.testng.internal.TestInvoker.invokeTestMethod(TestInvoker.java:173)
at org.testng.internal.MethodRunner.runInSequence(MethodRunner.java:46)
at org.testng.internal.TestInvoker$MethodInvocationAgent.invoke(TestInvoker.java:824)
at org.testng.internal.TestInvoker.invokeTestMethods(TestInvoker.java:146)
at org.testng.internal.TestMethodWorker.invokeTestMethods(TestMethodWorker.java:146)
at org.testng.internal.TestMethodWorker.run(TestMethodWorker.java:128)
at java.base/java.util.ArrayList.forEach(ArrayList.java:1511)
at org.testng.TestRunner.privateRun(TestRunner.java:794)
at org.testng.TestRunner.run(TestRunner.java:596)
at org.testng.SuiteRunner.runTest(SuiteRunner.java:377)
at org.testng.SuiteRunner.runSequentially(SuiteRunner.java:371)
at org.testng.SuiteRunner.privateRun(SuiteRunner.java:332)
at org.testng.SuiteRunner.run(SuiteRunner.java:276)
at org.testng.SuiteRunnerWorker.runSuite(SuiteRunnerWorker.java:53)
at org.testng.SuiteRunnerWorker.run(SuiteRunnerWorker.java:96)
at org.testng.TestNG.runSuitesSequentially(TestNG.java:1212)
at org.testng.TestNG.runSuitesLocally(TestNG.java:1134)
at org.testng.TestNG.runSuites(TestNG.java:1063)
at org.testng.TestNG.run(TestNG.java:1031)
at org.testng.remote.AbstractRemoteTestNG.run(AbstractRemoteTestNG.java:115)
at org.testng.remote.RemoteTestNG.initAndRun(RemoteTestNG.java:251)
at org.testng.remote.RemoteTestNG.main(RemoteTestNG.java:77)
]]>
    </error>
  </testcase> <!-- Clinical_NewEmp -->
  <system-out>
    <![CDATA[<a href='C:\Users\Bindhu\eclipse-workspace\CPX_Framework\ScreenShots\failure_screenshots\Clinical_NewEmp_26-07-2023_04-12-50.png'> <img src='C:\Users\Bindhu\eclipse-workspace\CPX_Framework\ScreenShots\failure_screenshots\Clinical_NewEmp_26-07-2023_04-12-50.png' height='100' width='100'/> </a>]]>
  </system-out>
  <testcase classname="Testcases_US.US_OfferMgmt" name="Clinical_NewEmp" time="0.435"/>
  <system-out>
    <![CDATA[<a href='C:\Users\Bindhu\eclipse-workspace\CPX_Framework\ScreenShots\Pass_screenshots\Clinical_NewEmp_26-07-2023_04-11-22.png'> <img src='C:\Users\Bindhu\eclipse-workspace\CPX_Framework\ScreenShots\Pass_screenshots\Clinical_NewEmp_26-07-2023_04-11-22.png' height='100' width='100'/> </a>]]>
  </system-out>
  <testcase classname="Testcases_US.US_OfferMgmt" name="Clinical_NewEmp" time="0.523"/>
  <system-out>
    <![CDATA[<a href='C:\Users\Bindhu\eclipse-workspace\CPX_Framework\ScreenShots\Pass_screenshots\Clinical_NewEmp_26-07-2023_04-11-09.png'> <img src='C:\Users\Bindhu\eclipse-workspace\CPX_Framework\ScreenShots\Pass_screenshots\Clinical_NewEmp_26-07-2023_04-11-09.png' height='100' width='100'/> </a>]]>
  </system-out>
  <testcase classname="Testcases_US.US_OfferMgmt" name="Clinical_NewEmp" time="1.099"/>
  <system-out>
    <![CDATA[<a href='C:\Users\Bindhu\eclipse-workspace\CPX_Framework\ScreenShots\Pass_screenshots\Clinical_NewEmp_26-07-2023_04-11-04.png'> <img src='C:\Users\Bindhu\eclipse-workspace\CPX_Framework\ScreenShots\Pass_screenshots\Clinical_NewEmp_26-07-2023_04-11-04.png' height='100' width='100'/> </a>]]>
  </system-out>
  <testcase classname="Testcases_US.US_OfferMgmt" name="Clinical_NewEmp" time="0.507"/>
  <system-out>
    <![CDATA[<a href='C:\Users\Bindhu\eclipse-workspace\CPX_Framework\ScreenShots\Pass_screenshots\Clinical_NewEmp_26-07-2023_04-11-15.png'> <img src='C:\Users\Bindhu\eclipse-workspace\CPX_Framework\ScreenShots\Pass_screenshots\Clinical_NewEmp_26-07-2023_04-11-15.png' height='100' width='100'/> </a>]]>
  </system-out>
  <testcase classname="Testcases_US.US_OfferMgmt" name="Clinical_NewEmp" time="0.439"/>
  <system-out>
    <![CDATA[<a href='C:\Users\Bindhu\eclipse-workspace\CPX_Framework\ScreenShots\Pass_screenshots\Clinical_NewEmp_26-07-2023_04-11-16.png'> <img src='C:\Users\Bindhu\eclipse-workspace\CPX_Framework\ScreenShots\Pass_screenshots\Clinical_NewEmp_26-07-2023_04-11-16.png' height='100' width='100'/> </a>]]>
  </system-out>
  <testcase classname="Testcases_US.US_OfferMgmt" name="Clinical_NewEmp" time="0.531"/>
  <system-out>
    <![CDATA[<a href='C:\Users\Bindhu\eclipse-workspace\CPX_Framework\ScreenShots\Pass_screenshots\Clinical_NewEmp_26-07-2023_04-11-11.png'> <img src='C:\Users\Bindhu\eclipse-workspace\CPX_Framework\ScreenShots\Pass_screenshots\Clinical_NewEmp_26-07-2023_04-11-11.png' height='100' width='100'/> </a>]]>
  </system-out>
  <testcase classname="Testcases_US.US_OfferMgmt" name="Clinical_NewEmp" time="0.445"/>
  <system-out>
    <![CDATA[<a href='C:\Users\Bindhu\eclipse-workspace\CPX_Framework\ScreenShots\Pass_screenshots\Clinical_NewEmp_26-07-2023_04-11-20.png'> <img src='C:\Users\Bindhu\eclipse-workspace\CPX_Framework\ScreenShots\Pass_screenshots\Clinical_NewEmp_26-07-2023_04-11-20.png' height='100' width='100'/> </a>]]>
  </system-out>
  <testcase classname="Testcases_US.US_OfferMgmt" name="Clinical_NewEmp" time="0.554"/>
  <system-out>
    <![CDATA[<a href='C:\Users\Bindhu\eclipse-workspace\CPX_Framework\ScreenShots\Pass_screenshots\Clinical_NewEmp_26-07-2023_04-11-08.png'> <img src='C:\Users\Bindhu\eclipse-workspace\CPX_Framework\ScreenShots\Pass_screenshots\Clinical_NewEmp_26-07-2023_04-11-08.png' height='100' width='100'/> </a>]]>
  </system-out>
  <testcase classname="Testcases_US.US_OfferMgmt" name="Clinical_NewEmp" time="0.480"/>
  <system-out>
    <![CDATA[<a href='C:\Users\Bindhu\eclipse-workspace\CPX_Framework\ScreenShots\Pass_screenshots\Clinical_NewEmp_26-07-2023_04-11-18.png'> <img src='C:\Users\Bindhu\eclipse-workspace\CPX_Framework\ScreenShots\Pass_screenshots\Clinical_NewEmp_26-07-2023_04-11-18.png' height='100' width='100'/> </a>]]>
  </system-out>
  <testcase classname="Testcases_US.US_OfferMgmt" name="Clinical_NewEmp" time="0.433"/>
  <system-out>
    <![CDATA[<a href='C:\Users\Bindhu\eclipse-workspace\CPX_Framework\ScreenShots\Pass_screenshots\Clinical_NewEmp_26-07-2023_04-11-19.png'> <img src='C:\Users\Bindhu\eclipse-workspace\CPX_Framework\ScreenShots\Pass_screenshots\Clinical_NewEmp_26-07-2023_04-11-19.png' height='100' width='100'/> </a>]]>
  </system-out>
  <testcase classname="Testcases_US.US_OfferMgmt" name="Clinical_NewEmp" time="0.524"/>
  <system-out>
    <![CDATA[<a href='C:\Users\Bindhu\eclipse-workspace\CPX_Framework\ScreenShots\Pass_screenshots\Clinical_NewEmp_26-07-2023_04-11-14.png'> <img src='C:\Users\Bindhu\eclipse-workspace\CPX_Framework\ScreenShots\Pass_screenshots\Clinical_NewEmp_26-07-2023_04-11-14.png' height='100' width='100'/> </a>]]>
  </system-out>
  <testcase classname="Testcases_US.US_OfferMgmt" name="Clinical_NewEmp" time="0.780"/>
  <system-out>
    <![CDATA[<a href='C:\Users\Bindhu\eclipse-workspace\CPX_Framework\ScreenShots\Pass_screenshots\Clinical_NewEmp_26-07-2023_04-11-05.png'> <img src='C:\Users\Bindhu\eclipse-workspace\CPX_Framework\ScreenShots\Pass_screenshots\Clinical_NewEmp_26-07-2023_04-11-05.png' height='100' width='100'/> </a>]]>
  </system-out>
  <testcase classname="Testcases_US.US_OfferMgmt" name="Clinical_NewEmp" time="0.659"/>
  <system-out>
    <![CDATA[<a href='C:\Users\Bindhu\eclipse-workspace\CPX_Framework\ScreenShots\Pass_screenshots\Clinical_NewEmp_26-07-2023_04-11-06.png'> <img src='C:\Users\Bindhu\eclipse-workspace\CPX_Framework\ScreenShots\Pass_screenshots\Clinical_NewEmp_26-07-2023_04-11-06.png' height='100' width='100'/> </a>]]>
  </system-out>
  <testcase classname="Testcases_US.US_OfferMgmt" name="Clinical_NewEmp" time="0.494"/>
  <system-out>
    <![CDATA[<a href='C:\Users\Bindhu\eclipse-workspace\CPX_Framework\ScreenShots\Pass_screenshots\Clinical_NewEmp_26-07-2023_04-11-16.png'> <img src='C:\Users\Bindhu\eclipse-workspace\CPX_Framework\ScreenShots\Pass_screenshots\Clinical_NewEmp_26-07-2023_04-11-16.png' height='100' width='100'/> </a>]]>
  </system-out>
  <testcase classname="Testcases_US.US_OfferMgmt" name="Clinical_NewEmp" time="0.458"/>
  <system-out>
    <![CDATA[<a href='C:\Users\Bindhu\eclipse-workspace\CPX_Framework\ScreenShots\Pass_screenshots\Clinical_NewEmp_26-07-2023_04-11-18.png'> <img src='C:\Users\Bindhu\eclipse-workspace\CPX_Framework\ScreenShots\Pass_screenshots\Clinical_NewEmp_26-07-2023_04-11-18.png' height='100' width='100'/> </a>]]>
  </system-out>
  <testcase classname="Testcases_US.US_OfferMgmt" name="Clinical_NewEmp" time="0.513"/>
  <system-out>
    <![CDATA[<a href='C:\Users\Bindhu\eclipse-workspace\CPX_Framework\ScreenShots\Pass_screenshots\Clinical_NewEmp_26-07-2023_04-11-14.png'> <img src='C:\Users\Bindhu\eclipse-workspace\CPX_Framework\ScreenShots\Pass_screenshots\Clinical_NewEmp_26-07-2023_04-11-14.png' height='100' width='100'/> </a>]]>
  </system-out>
  <testcase classname="Testcases_US.US_OfferMgmt" name="Clinical_NewEmp" time="0.611"/>
  <system-out>
    <![CDATA[<a href='C:\Users\Bindhu\eclipse-workspace\CPX_Framework\ScreenShots\Pass_screenshots\Clinical_NewEmp_26-07-2023_04-11-10.png'> <img src='C:\Users\Bindhu\eclipse-workspace\CPX_Framework\ScreenShots\Pass_screenshots\Clinical_NewEmp_26-07-2023_04-11-10.png' height='100' width='100'/> </a>]]>
  </system-out>
  <testcase classname="Testcases_US.US_OfferMgmt" name="Clinical_NewEmp" time="0.545"/>
  <system-out>
    <![CDATA[<a href='C:\Users\Bindhu\eclipse-workspace\CPX_Framework\ScreenShots\Pass_screenshots\Clinical_NewEmp_26-07-2023_04-11-09.png'> <img src='C:\Users\Bindhu\eclipse-workspace\CPX_Framework\ScreenShots\Pass_screenshots\Clinical_NewEmp_26-07-2023_04-11-09.png' height='100' width='100'/> </a>]]>
  </system-out>
  <testcase classname="Testcases_US.US_OfferMgmt" name="Clinical_NewEmp" time="0.513"/>
  <system-out>
    <![CDATA[<a href='C:\Users\Bindhu\eclipse-workspace\CPX_Framework\ScreenShots\Pass_screenshots\Clinical_NewEmp_26-07-2023_04-11-12.png'> <img src='C:\Users\Bindhu\eclipse-workspace\CPX_Framework\ScreenShots\Pass_screenshots\Clinical_NewEmp_26-07-2023_04-11-12.png' height='100' width='100'/> </a>]]>
  </system-out>
</testsuite> <!-- Testcases_US.US_OfferMgmt -->
