<?xml version="1.0" encoding="UTF-8"?>
<!-- Generated by org.testng.reporters.JUnitReportReporter -->
<testsuite hostname="DESKTOP-RRGPARO" failures="0" tests="14" name="Testcases_BCVS.BCVS_Employee" time="320.652" errors="0" timestamp="2023-09-20T09:37:19 IST" skipped="0">
  <testcase classname="Testcases_BCVS.BCVS_Employee" name="InititiateOB_Page" time="23.687"/>
  <system-out/>
  <testcase classname="Testcases_BCVS.BCVS_Employee" name="Submit_OfferRequested_Page" time="23.781"/>
  <system-out/>
  <testcase classname="Testcases_BCVS.BCVS_Employee" name="OB_EmpModule_Page" time="23.900"/>
  <system-out/>
  <testcase classname="Testcases_BCVS.BCVS_Employee" name="OBEmpPortal_Page" time="23.786"/>
  <system-out/>
  <testcase classname="Testcases_BCVS.BCVS_Employee" name="ExternalEmpView_Page" time="24.437"/>
  <system-out/>
  <testcase classname="Testcases_BCVS.BCVS_Employee" name="HRApproval_Page" time="23.272"/>
  <system-out/>
  <testcase classname="Testcases_BCVS.BCVS_Employee" name="CreateEmp_Page" time="22.815"/>
  <system-out/>
  <testcase classname="Testcases_BCVS.BCVS_Employee" name="ManagerApproval_Page" time="23.614"/>
  <system-out/>
  <testcase classname="Testcases_BCVS.BCVS_Employee" name="Submit_OfferAccepted_Page" time="23.344"/>
  <system-out/>
  <testcase classname="Testcases_BCVS.BCVS_Employee" name="RecApproval_Page" time="23.944"/>
  <system-out/>
  <testcase classname="Testcases_BCVS.BCVS_Employee" name="CandidatePage" time="23.748"/>
  <system-out/>
  <testcase classname="Testcases_BCVS.BCVS_Employee" name="SubmitCandAndReq" time="23.712"/>
  <system-out/>
  <testcase classname="Testcases_BCVS.BCVS_Employee" name="SearchReqPage" time="26.063"/>
  <system-out/>
  <testcase classname="Testcases_BCVS.BCVS_Employee" name="LoginPage" time="10.549"/>
  <system-out/>
</testsuite> <!-- Testcases_BCVS.BCVS_Employee -->
