<?xml version="1.0" encoding="UTF-8"?>
<!-- Generated by org.testng.reporters.JUnitReportReporter -->
<testsuite hostname="DESKTOP-RRGPARO" failures="0" tests="6" name="TestCases_UK.UK_DirectHire_Employee" time="149.613" errors="0" timestamp="2023-11-18T12:57:51 IST" skipped="0">
  <testcase classname="TestCases_UK.UK_DirectHire_Employee" name="LoginPage" time="10.739"/>
  <system-out/>
  <testcase classname="TestCases_UK.UK_DirectHire_Employee" name="SearchReqPage" time="18.563"/>
  <system-out/>
  <testcase classname="TestCases_UK.UK_DirectHire_Employee" name="DirectHire_Approval" time="23.518"/>
  <system-out/>
  <testcase classname="TestCases_UK.UK_DirectHire_Employee" name="CandidatePage" time="50.494"/>
  <system-out/>
  <testcase classname="TestCases_UK.UK_DirectHire_Employee" name="ViewEmp_DH_Module" time="16.423"/>
  <system-out/>
  <testcase classname="TestCases_UK.UK_DirectHire_Employee" name="Create_DirectHire" time="29.876"/>
  <system-out/>
</testsuite> <!-- TestCases_UK.UK_DirectHire_Employee -->
