<?xml version="1.0" encoding="UTF-8"?>
<!-- Generated by org.testng.reporters.JUnitReportReporter -->
<testsuite hostname="DESKTOP-RRGPARO" failures="0" tests="1" name="Testcases_US.US_TimeSheet" time="57.215" errors="0" timestamp="2023-09-27T16:42:05 IST" skipped="0">
  <testcase classname="Testcases_US.US_TimeSheet" name="TimeSheet_US" time="57.215"/>
  <system-out>
    <![CDATA[<a href='C:\Users\Bindhu\eclipse-workspace\CPX_Framework\ScreenShots\Pass_screenshots\TimeSheet_US_27-09-2023_04-42-04.png'> <img src='C:\Users\Bindhu\eclipse-workspace\CPX_Framework\ScreenShots\Pass_screenshots\TimeSheet_US_27-09-2023_04-42-04.png' height='100' width='100'/> </a>]]>
  </system-out>
</testsuite> <!-- Testcases_US.US_TimeSheet -->
