<?xml version="1.0" encoding="UTF-8"?>
<!-- Generated by org.testng.reporters.JUnitReportReporter -->
<testsuite hostname="DESKTOP-RRGPARO" failures="0" tests="51" name="Testcases_US.US_Timesheet_Regular" time="3784.163" errors="3" timestamp="2023-10-06T18:54:40 IST" skipped="0">
  <testcase classname="Testcases_US.US_Timesheet_Regular" name="Timesheet_Regular" time="73.331"/>
  <system-out>
    <![CDATA[<a href='C:\Users\Bindhu\eclipse-workspace\CPX_Framework\ScreenShots\Pass_screenshots\Timesheet_Regular_06-10-2023_06-31-32.png'> <img src='C:\Users\Bindhu\eclipse-workspace\CPX_Framework\ScreenShots\Pass_screenshots\Timesheet_Regular_06-10-2023_06-31-32.png' height='100' width='100'/> </a>]]>
  </system-out>
  <testcase classname="Testcases_US.US_Timesheet_Regular" name="Timesheet_Regular" time="91.118"/>
  <system-out>
    <![CDATA[<a href='C:\Users\Bindhu\eclipse-workspace\CPX_Framework\ScreenShots\Pass_screenshots\Timesheet_Regular_06-10-2023_05-57-43.png'> <img src='C:\Users\Bindhu\eclipse-workspace\CPX_Framework\ScreenShots\Pass_screenshots\Timesheet_Regular_06-10-2023_05-57-43.png' height='100' width='100'/> </a>]]>
  </system-out>
  <testcase classname="Testcases_US.US_Timesheet_Regular" name="Timesheet_Regular" time="92.284"/>
  <system-out>
    <![CDATA[<a href='C:\Users\Bindhu\eclipse-workspace\CPX_Framework\ScreenShots\Pass_screenshots\Timesheet_Regular_06-10-2023_06-17-33.png'> <img src='C:\Users\Bindhu\eclipse-workspace\CPX_Framework\ScreenShots\Pass_screenshots\Timesheet_Regular_06-10-2023_06-17-33.png' height='100' width='100'/> </a>]]>
  </system-out>
  <testcase classname="Testcases_US.US_Timesheet_Regular" name="Timesheet_Regular" time="71.290"/>
  <system-out>
    <![CDATA[<a href='C:\Users\Bindhu\eclipse-workspace\CPX_Framework\ScreenShots\Pass_screenshots\Timesheet_Regular_06-10-2023_06-29-07.png'> <img src='C:\Users\Bindhu\eclipse-workspace\CPX_Framework\ScreenShots\Pass_screenshots\Timesheet_Regular_06-10-2023_06-29-07.png' height='100' width='100'/> </a>]]>
  </system-out>
  <testcase classname="Testcases_US.US_Timesheet_Regular" name="Timesheet_Regular" time="75.257"/>
  <system-out>
    <![CDATA[<a href='C:\Users\Bindhu\eclipse-workspace\CPX_Framework\ScreenShots\Pass_screenshots\Timesheet_Regular_06-10-2023_06-32-48.png'> <img src='C:\Users\Bindhu\eclipse-workspace\CPX_Framework\ScreenShots\Pass_screenshots\Timesheet_Regular_06-10-2023_06-32-48.png' height='100' width='100'/> </a>]]>
  </system-out>
  <testcase classname="Testcases_US.US_Timesheet_Regular" name="Timesheet_Regular" time="70.863"/>
  <system-out>
    <![CDATA[<a href='C:\Users\Bindhu\eclipse-workspace\CPX_Framework\ScreenShots\Pass_screenshots\Timesheet_Regular_06-10-2023_06-52-14.png'> <img src='C:\Users\Bindhu\eclipse-workspace\CPX_Framework\ScreenShots\Pass_screenshots\Timesheet_Regular_06-10-2023_06-52-14.png' height='100' width='100'/> </a>]]>
  </system-out>
  <testcase classname="Testcases_US.US_Timesheet_Regular" name="Timesheet_Regular" time="77.924">
    <error message="element click intercepted: Element &lt;span class=&quot;ui-icon ui-icon-...thick&quot;&gt;close&lt;/span&gt; is not clickable at point (1483, 8). Other element would receive the click: &lt;div class=&quot;ui-widget-overlay&quot; style=&quot;width: 1503px; height: 670px; z-index: 1003;&quot;&gt;&lt;/div&gt;
  (Session info: chrome=117.0.5938.134)
Build info: version: &#039;3.141.59&#039;, revision: &#039;e82be7d358&#039;, time: &#039;2018-11-14T08:17:03&#039;
System info: host: &#039;DESKTOP-RRGPARO&#039;, ip: &#039;10.41.3.241&#039;, os.name: &#039;Windows 11&#039;, os.arch: &#039;amd64&#039;, os.version: &#039;10.0&#039;, java.version: &#039;20.0.1&#039;
Driver info: org.openqa.selenium.chrome.ChromeDriver
Capabilities {acceptInsecureCerts: false, browserName: chrome, browserVersion: 117.0.5938.134, chrome: {chromedriverVersion: 116.0.5845.96 (1a3918166880..., userDataDir: C:\Users\Bindhu\AppData\Loc...}, fedcm:accounts: true, goog:chromeOptions: {debuggerAddress: localhost:59854}, javascriptEnabled: true, networkConnectionEnabled: false, pageLoadStrategy: normal, platform: WINDOWS, platformName: WINDOWS, proxy: Proxy(), setWindowRect: true, strictFileInteractability: false, timeouts: {implicit: 0, pageLoad: 300000, script: 30000}, unhandledPromptBehavior: dismiss and notify, webauthn:extension:credBlob: true, webauthn:extension:largeBlob: true, webauthn:extension:minPinLength: true, webauthn:extension:prf: true, webauthn:virtualAuthenticators: true}
Session ID: 4805745af1a1a088735598f4ddaed052" type="org.openqa.selenium.ElementClickInterceptedException">
      <![CDATA[org.openqa.selenium.ElementClickInterceptedException: element click intercepted: Element <span class="ui-icon ui-icon-...thick">close</span> is not clickable at point (1483, 8). Other element would receive the click: <div class="ui-widget-overlay" style="width: 1503px; height: 670px; z-index: 1003;"></div>
  (Session info: chrome=117.0.5938.134)
Build info: version: '3.141.59', revision: 'e82be7d358', time: '2018-11-14T08:17:03'
System info: host: 'DESKTOP-RRGPARO', ip: '10.41.3.241', os.name: 'Windows 11', os.arch: 'amd64', os.version: '10.0', java.version: '20.0.1'
Driver info: org.openqa.selenium.chrome.ChromeDriver
Capabilities {acceptInsecureCerts: false, browserName: chrome, browserVersion: 117.0.5938.134, chrome: {chromedriverVersion: 116.0.5845.96 (1a3918166880..., userDataDir: C:\Users\Bindhu\AppData\Loc...}, fedcm:accounts: true, goog:chromeOptions: {debuggerAddress: localhost:59854}, javascriptEnabled: true, networkConnectionEnabled: false, pageLoadStrategy: normal, platform: WINDOWS, platformName: WINDOWS, proxy: Proxy(), setWindowRect: true, strictFileInteractability: false, timeouts: {implicit: 0, pageLoad: 300000, script: 30000}, unhandledPromptBehavior: dismiss and notify, webauthn:extension:credBlob: true, webauthn:extension:largeBlob: true, webauthn:extension:minPinLength: true, webauthn:extension:prf: true, webauthn:virtualAuthenticators: true}
Session ID: 4805745af1a1a088735598f4ddaed052
at java.base/jdk.internal.reflect.DirectConstructorHandleAccessor.newInstance(DirectConstructorHandleAccessor.java:67)
at java.base/java.lang.reflect.Constructor.newInstanceWithCaller(Constructor.java:500)
at java.base/java.lang.reflect.Constructor.newInstance(Constructor.java:484)
at org.openqa.selenium.remote.http.W3CHttpResponseCodec.createException(W3CHttpResponseCodec.java:187)
at org.openqa.selenium.remote.http.W3CHttpResponseCodec.decode(W3CHttpResponseCodec.java:122)
at org.openqa.selenium.remote.http.W3CHttpResponseCodec.decode(W3CHttpResponseCodec.java:49)
at org.openqa.selenium.remote.HttpCommandExecutor.execute(HttpCommandExecutor.java:158)
at org.openqa.selenium.remote.service.DriverCommandExecutor.execute(DriverCommandExecutor.java:83)
at org.openqa.selenium.remote.RemoteWebDriver.execute(RemoteWebDriver.java:552)
at org.openqa.selenium.remote.RemoteWebElement.execute(RemoteWebElement.java:285)
at org.openqa.selenium.remote.RemoteWebElement.click(RemoteWebElement.java:84)
at java.base/jdk.internal.reflect.DirectMethodHandleAccessor.invoke(DirectMethodHandleAccessor.java:104)
at java.base/java.lang.reflect.Method.invoke(Method.java:578)
at org.openqa.selenium.support.pagefactory.internal.LocatingElementHandler.invoke(LocatingElementHandler.java:51)
at jdk.proxy2/jdk.proxy2.$Proxy14.click(Unknown Source)
at Page_Objects.Regualr_TS_Weekly.CloseTimesheet(Regualr_TS_Weekly.java:430)
at Testcases_US.US_Timesheet_Regular.Timesheet_Regular(US_Timesheet_Regular.java:46)
at java.base/jdk.internal.reflect.DirectMethodHandleAccessor.invoke(DirectMethodHandleAccessor.java:104)
at java.base/java.lang.reflect.Method.invoke(Method.java:578)
at org.testng.internal.MethodInvocationHelper.invokeMethod(MethodInvocationHelper.java:133)
at org.testng.internal.TestInvoker.invokeMethod(TestInvoker.java:598)
at org.testng.internal.TestInvoker.invokeTestMethod(TestInvoker.java:173)
at org.testng.internal.MethodRunner.runInSequence(MethodRunner.java:46)
at org.testng.internal.TestInvoker$MethodInvocationAgent.invoke(TestInvoker.java:824)
at org.testng.internal.TestInvoker.invokeTestMethods(TestInvoker.java:146)
at org.testng.internal.TestMethodWorker.invokeTestMethods(TestMethodWorker.java:146)
at org.testng.internal.TestMethodWorker.run(TestMethodWorker.java:128)
at java.base/java.util.ArrayList.forEach(ArrayList.java:1511)
at org.testng.TestRunner.privateRun(TestRunner.java:794)
at org.testng.TestRunner.run(TestRunner.java:596)
at org.testng.SuiteRunner.runTest(SuiteRunner.java:377)
at org.testng.SuiteRunner.runSequentially(SuiteRunner.java:371)
at org.testng.SuiteRunner.privateRun(SuiteRunner.java:332)
at org.testng.SuiteRunner.run(SuiteRunner.java:276)
at org.testng.SuiteRunnerWorker.runSuite(SuiteRunnerWorker.java:53)
at org.testng.SuiteRunnerWorker.run(SuiteRunnerWorker.java:96)
at org.testng.TestNG.runSuitesSequentially(TestNG.java:1212)
at org.testng.TestNG.runSuitesLocally(TestNG.java:1134)
at org.testng.TestNG.runSuites(TestNG.java:1063)
at org.testng.TestNG.run(TestNG.java:1031)
at org.testng.remote.AbstractRemoteTestNG.run(AbstractRemoteTestNG.java:115)
at org.testng.remote.RemoteTestNG.initAndRun(RemoteTestNG.java:251)
at org.testng.remote.RemoteTestNG.main(RemoteTestNG.java:77)
]]>
    </error>
  </testcase> <!-- Timesheet_Regular -->
  <system-out>
    <![CDATA[<a href='C:\Users\Bindhu\eclipse-workspace\CPX_Framework\ScreenShots\failure_screenshots\Timesheet_Regular_06-10-2023_06-08-45.png'> <img src='C:\Users\Bindhu\eclipse-workspace\CPX_Framework\ScreenShots\failure_screenshots\Timesheet_Regular_06-10-2023_06-08-45.png' height='100' width='100'/> </a>]]>
  </system-out>
  <testcase classname="Testcases_US.US_Timesheet_Regular" name="Timesheet_Regular" time="75.082">
    <error message="element click intercepted: Element &lt;span class=&quot;ui-icon ui-icon-...thick&quot;&gt;close&lt;/span&gt; is not clickable at point (1483, 9). Other element would receive the click: &lt;div class=&quot;ui-widget-overlay&quot; style=&quot;width: 1503px; height: 670px; z-index: 1003;&quot;&gt;&lt;/div&gt;
  (Session info: chrome=117.0.5938.134)
Build info: version: &#039;3.141.59&#039;, revision: &#039;e82be7d358&#039;, time: &#039;2018-11-14T08:17:03&#039;
System info: host: &#039;DESKTOP-RRGPARO&#039;, ip: &#039;10.41.3.241&#039;, os.name: &#039;Windows 11&#039;, os.arch: &#039;amd64&#039;, os.version: &#039;10.0&#039;, java.version: &#039;20.0.1&#039;
Driver info: org.openqa.selenium.chrome.ChromeDriver
Capabilities {acceptInsecureCerts: false, browserName: chrome, browserVersion: 117.0.5938.134, chrome: {chromedriverVersion: 116.0.5845.96 (1a3918166880..., userDataDir: C:\Users\Bindhu\AppData\Loc...}, fedcm:accounts: true, goog:chromeOptions: {debuggerAddress: localhost:59854}, javascriptEnabled: true, networkConnectionEnabled: false, pageLoadStrategy: normal, platform: WINDOWS, platformName: WINDOWS, proxy: Proxy(), setWindowRect: true, strictFileInteractability: false, timeouts: {implicit: 0, pageLoad: 300000, script: 30000}, unhandledPromptBehavior: dismiss and notify, webauthn:extension:credBlob: true, webauthn:extension:largeBlob: true, webauthn:extension:minPinLength: true, webauthn:extension:prf: true, webauthn:virtualAuthenticators: true}
Session ID: 4805745af1a1a088735598f4ddaed052" type="org.openqa.selenium.ElementClickInterceptedException">
      <![CDATA[org.openqa.selenium.ElementClickInterceptedException: element click intercepted: Element <span class="ui-icon ui-icon-...thick">close</span> is not clickable at point (1483, 9). Other element would receive the click: <div class="ui-widget-overlay" style="width: 1503px; height: 670px; z-index: 1003;"></div>
  (Session info: chrome=117.0.5938.134)
Build info: version: '3.141.59', revision: 'e82be7d358', time: '2018-11-14T08:17:03'
System info: host: 'DESKTOP-RRGPARO', ip: '10.41.3.241', os.name: 'Windows 11', os.arch: 'amd64', os.version: '10.0', java.version: '20.0.1'
Driver info: org.openqa.selenium.chrome.ChromeDriver
Capabilities {acceptInsecureCerts: false, browserName: chrome, browserVersion: 117.0.5938.134, chrome: {chromedriverVersion: 116.0.5845.96 (1a3918166880..., userDataDir: C:\Users\Bindhu\AppData\Loc...}, fedcm:accounts: true, goog:chromeOptions: {debuggerAddress: localhost:59854}, javascriptEnabled: true, networkConnectionEnabled: false, pageLoadStrategy: normal, platform: WINDOWS, platformName: WINDOWS, proxy: Proxy(), setWindowRect: true, strictFileInteractability: false, timeouts: {implicit: 0, pageLoad: 300000, script: 30000}, unhandledPromptBehavior: dismiss and notify, webauthn:extension:credBlob: true, webauthn:extension:largeBlob: true, webauthn:extension:minPinLength: true, webauthn:extension:prf: true, webauthn:virtualAuthenticators: true}
Session ID: 4805745af1a1a088735598f4ddaed052
at java.base/jdk.internal.reflect.DirectConstructorHandleAccessor.newInstance(DirectConstructorHandleAccessor.java:67)
at java.base/java.lang.reflect.Constructor.newInstanceWithCaller(Constructor.java:500)
at java.base/java.lang.reflect.Constructor.newInstance(Constructor.java:484)
at org.openqa.selenium.remote.http.W3CHttpResponseCodec.createException(W3CHttpResponseCodec.java:187)
at org.openqa.selenium.remote.http.W3CHttpResponseCodec.decode(W3CHttpResponseCodec.java:122)
at org.openqa.selenium.remote.http.W3CHttpResponseCodec.decode(W3CHttpResponseCodec.java:49)
at org.openqa.selenium.remote.HttpCommandExecutor.execute(HttpCommandExecutor.java:158)
at org.openqa.selenium.remote.service.DriverCommandExecutor.execute(DriverCommandExecutor.java:83)
at org.openqa.selenium.remote.RemoteWebDriver.execute(RemoteWebDriver.java:552)
at org.openqa.selenium.remote.RemoteWebElement.execute(RemoteWebElement.java:285)
at org.openqa.selenium.remote.RemoteWebElement.click(RemoteWebElement.java:84)
at java.base/jdk.internal.reflect.DirectMethodHandleAccessor.invoke(DirectMethodHandleAccessor.java:104)
at java.base/java.lang.reflect.Method.invoke(Method.java:578)
at org.openqa.selenium.support.pagefactory.internal.LocatingElementHandler.invoke(LocatingElementHandler.java:51)
at jdk.proxy2/jdk.proxy2.$Proxy14.click(Unknown Source)
at Page_Objects.Regualr_TS_Weekly.CloseTimesheet(Regualr_TS_Weekly.java:430)
at Testcases_US.US_Timesheet_Regular.Timesheet_Regular(US_Timesheet_Regular.java:46)
at java.base/jdk.internal.reflect.DirectMethodHandleAccessor.invoke(DirectMethodHandleAccessor.java:104)
at java.base/java.lang.reflect.Method.invoke(Method.java:578)
at org.testng.internal.MethodInvocationHelper.invokeMethod(MethodInvocationHelper.java:133)
at org.testng.internal.TestInvoker.invokeMethod(TestInvoker.java:598)
at org.testng.internal.TestInvoker.invokeTestMethod(TestInvoker.java:173)
at org.testng.internal.MethodRunner.runInSequence(MethodRunner.java:46)
at org.testng.internal.TestInvoker$MethodInvocationAgent.invoke(TestInvoker.java:824)
at org.testng.internal.TestInvoker.invokeTestMethods(TestInvoker.java:146)
at org.testng.internal.TestMethodWorker.invokeTestMethods(TestMethodWorker.java:146)
at org.testng.internal.TestMethodWorker.run(TestMethodWorker.java:128)
at java.base/java.util.ArrayList.forEach(ArrayList.java:1511)
at org.testng.TestRunner.privateRun(TestRunner.java:794)
at org.testng.TestRunner.run(TestRunner.java:596)
at org.testng.SuiteRunner.runTest(SuiteRunner.java:377)
at org.testng.SuiteRunner.runSequentially(SuiteRunner.java:371)
at org.testng.SuiteRunner.privateRun(SuiteRunner.java:332)
at org.testng.SuiteRunner.run(SuiteRunner.java:276)
at org.testng.SuiteRunnerWorker.runSuite(SuiteRunnerWorker.java:53)
at org.testng.SuiteRunnerWorker.run(SuiteRunnerWorker.java:96)
at org.testng.TestNG.runSuitesSequentially(TestNG.java:1212)
at org.testng.TestNG.runSuitesLocally(TestNG.java:1134)
at org.testng.TestNG.runSuites(TestNG.java:1063)
at org.testng.TestNG.run(TestNG.java:1031)
at org.testng.remote.AbstractRemoteTestNG.run(AbstractRemoteTestNG.java:115)
at org.testng.remote.RemoteTestNG.initAndRun(RemoteTestNG.java:251)
at org.testng.remote.RemoteTestNG.main(RemoteTestNG.java:77)
]]>
    </error>
  </testcase> <!-- Timesheet_Regular -->
  <system-out>
    <![CDATA[<a href='C:\Users\Bindhu\eclipse-workspace\CPX_Framework\ScreenShots\failure_screenshots\Timesheet_Regular_06-10-2023_06-34-03.png'> <img src='C:\Users\Bindhu\eclipse-workspace\CPX_Framework\ScreenShots\failure_screenshots\Timesheet_Regular_06-10-2023_06-34-03.png' height='100' width='100'/> </a>]]>
  </system-out>
  <testcase classname="Testcases_US.US_Timesheet_Regular" name="Timesheet_Regular" time="91.664"/>
  <system-out>
    <![CDATA[<a href='C:\Users\Bindhu\eclipse-workspace\CPX_Framework\ScreenShots\Pass_screenshots\Timesheet_Regular_06-10-2023_05-55-00.png'> <img src='C:\Users\Bindhu\eclipse-workspace\CPX_Framework\ScreenShots\Pass_screenshots\Timesheet_Regular_06-10-2023_05-55-00.png' height='100' width='100'/> </a>]]>
  </system-out>
  <testcase classname="Testcases_US.US_Timesheet_Regular" name="Timesheet_Regular" time="71.010"/>
  <system-out>
    <![CDATA[<a href='C:\Users\Bindhu\eclipse-workspace\CPX_Framework\ScreenShots\Pass_screenshots\Timesheet_Regular_06-10-2023_06-51-03.png'> <img src='C:\Users\Bindhu\eclipse-workspace\CPX_Framework\ScreenShots\Pass_screenshots\Timesheet_Regular_06-10-2023_06-51-03.png' height='100' width='100'/> </a>]]>
  </system-out>
  <testcase classname="Testcases_US.US_Timesheet_Regular" name="Timesheet_Regular" time="72.341"/>
  <system-out>
    <![CDATA[<a href='C:\Users\Bindhu\eclipse-workspace\CPX_Framework\ScreenShots\Pass_screenshots\Timesheet_Regular_06-10-2023_06-13-35.png'> <img src='C:\Users\Bindhu\eclipse-workspace\CPX_Framework\ScreenShots\Pass_screenshots\Timesheet_Regular_06-10-2023_06-13-35.png' height='100' width='100'/> </a>]]>
  </system-out>
  <testcase classname="Testcases_US.US_Timesheet_Regular" name="Timesheet_Regular" time="71.019"/>
  <system-out>
    <![CDATA[<a href='C:\Users\Bindhu\eclipse-workspace\CPX_Framework\ScreenShots\Pass_screenshots\Timesheet_Regular_06-10-2023_06-54-39.png'> <img src='C:\Users\Bindhu\eclipse-workspace\CPX_Framework\ScreenShots\Pass_screenshots\Timesheet_Regular_06-10-2023_06-54-39.png' height='100' width='100'/> </a>]]>
  </system-out>
  <testcase classname="Testcases_US.US_Timesheet_Regular" name="Timesheet_Regular" time="72.681"/>
  <system-out>
    <![CDATA[<a href='C:\Users\Bindhu\eclipse-workspace\CPX_Framework\ScreenShots\Pass_screenshots\Timesheet_Regular_06-10-2023_06-47-29.png'> <img src='C:\Users\Bindhu\eclipse-workspace\CPX_Framework\ScreenShots\Pass_screenshots\Timesheet_Regular_06-10-2023_06-47-29.png' height='100' width='100'/> </a>]]>
  </system-out>
  <testcase classname="Testcases_US.US_Timesheet_Regular" name="Timesheet_Regular" time="90.647"/>
  <system-out>
    <![CDATA[<a href='C:\Users\Bindhu\eclipse-workspace\CPX_Framework\ScreenShots\Pass_screenshots\Timesheet_Regular_06-10-2023_06-25-30.png'> <img src='C:\Users\Bindhu\eclipse-workspace\CPX_Framework\ScreenShots\Pass_screenshots\Timesheet_Regular_06-10-2023_06-25-30.png' height='100' width='100'/> </a>]]>
  </system-out>
  <testcase classname="Testcases_US.US_Timesheet_Regular" name="Timesheet_Regular" time="73.741"/>
  <system-out>
    <![CDATA[<a href='C:\Users\Bindhu\eclipse-workspace\CPX_Framework\ScreenShots\Pass_screenshots\Timesheet_Regular_06-10-2023_06-35-17.png'> <img src='C:\Users\Bindhu\eclipse-workspace\CPX_Framework\ScreenShots\Pass_screenshots\Timesheet_Regular_06-10-2023_06-35-17.png' height='100' width='100'/> </a>]]>
  </system-out>
  <testcase classname="Testcases_US.US_Timesheet_Regular" name="Timesheet_Regular" time="72.870"/>
  <system-out>
    <![CDATA[<a href='C:\Users\Bindhu\eclipse-workspace\CPX_Framework\ScreenShots\Pass_screenshots\Timesheet_Regular_06-10-2023_06-20-21.png'> <img src='C:\Users\Bindhu\eclipse-workspace\CPX_Framework\ScreenShots\Pass_screenshots\Timesheet_Regular_06-10-2023_06-20-21.png' height='100' width='100'/> </a>]]>
  </system-out>
  <testcase classname="Testcases_US.US_Timesheet_Regular" name="Timesheet_Regular" time="74.528"/>
  <system-out>
    <![CDATA[<a href='C:\Users\Bindhu\eclipse-workspace\CPX_Framework\ScreenShots\Pass_screenshots\Timesheet_Regular_06-10-2023_06-37-45.png'> <img src='C:\Users\Bindhu\eclipse-workspace\CPX_Framework\ScreenShots\Pass_screenshots\Timesheet_Regular_06-10-2023_06-37-45.png' height='100' width='100'/> </a>]]>
  </system-out>
  <testcase classname="Testcases_US.US_Timesheet_Regular" name="Timesheet_Regular" time="71.607"/>
  <system-out>
    <![CDATA[<a href='C:\Users\Bindhu\eclipse-workspace\CPX_Framework\ScreenShots\Pass_screenshots\Timesheet_Regular_06-10-2023_06-49-52.png'> <img src='C:\Users\Bindhu\eclipse-workspace\CPX_Framework\ScreenShots\Pass_screenshots\Timesheet_Regular_06-10-2023_06-49-52.png' height='100' width='100'/> </a>]]>
  </system-out>
  <testcase classname="Testcases_US.US_Timesheet_Regular" name="Timesheet_Regular" time="72.353"/>
  <system-out>
    <![CDATA[<a href='C:\Users\Bindhu\eclipse-workspace\CPX_Framework\ScreenShots\Pass_screenshots\Timesheet_Regular_06-10-2023_06-45-03.png'> <img src='C:\Users\Bindhu\eclipse-workspace\CPX_Framework\ScreenShots\Pass_screenshots\Timesheet_Regular_06-10-2023_06-45-03.png' height='100' width='100'/> </a>]]>
  </system-out>
  <testcase classname="Testcases_US.US_Timesheet_Regular" name="Timesheet_Regular" time="71.850"/>
  <system-out>
    <![CDATA[<a href='C:\Users\Bindhu\eclipse-workspace\CPX_Framework\ScreenShots\Pass_screenshots\Timesheet_Regular_06-10-2023_06-00-08.png'> <img src='C:\Users\Bindhu\eclipse-workspace\CPX_Framework\ScreenShots\Pass_screenshots\Timesheet_Regular_06-10-2023_06-00-08.png' height='100' width='100'/> </a>]]>
  </system-out>
  <testcase classname="Testcases_US.US_Timesheet_Regular" name="Timesheet_Regular" time="72.615"/>
  <system-out>
    <![CDATA[<a href='C:\Users\Bindhu\eclipse-workspace\CPX_Framework\ScreenShots\Pass_screenshots\Timesheet_Regular_06-10-2023_06-11-10.png'> <img src='C:\Users\Bindhu\eclipse-workspace\CPX_Framework\ScreenShots\Pass_screenshots\Timesheet_Regular_06-10-2023_06-11-10.png' height='100' width='100'/> </a>]]>
  </system-out>
  <testcase classname="Testcases_US.US_Timesheet_Regular" name="Timesheet_Regular" time="72.415"/>
  <system-out>
    <![CDATA[<a href='C:\Users\Bindhu\eclipse-workspace\CPX_Framework\ScreenShots\Pass_screenshots\Timesheet_Regular_06-10-2023_06-02-35.png'> <img src='C:\Users\Bindhu\eclipse-workspace\CPX_Framework\ScreenShots\Pass_screenshots\Timesheet_Regular_06-10-2023_06-02-35.png' height='100' width='100'/> </a>]]>
  </system-out>
  <testcase classname="Testcases_US.US_Timesheet_Regular" name="Timesheet_Regular" time="74.722">
    <error message="element click intercepted: Element &lt;span class=&quot;ui-icon ui-icon-...thick&quot;&gt;close&lt;/span&gt; is not clickable at point (1483, 8). Other element would receive the click: &lt;div class=&quot;ui-widget-overlay&quot; style=&quot;width: 1503px; height: 670px; z-index: 1001;&quot;&gt;&lt;/div&gt;
  (Session info: chrome=117.0.5938.134)
Build info: version: &#039;3.141.59&#039;, revision: &#039;e82be7d358&#039;, time: &#039;2018-11-14T08:17:03&#039;
System info: host: &#039;DESKTOP-RRGPARO&#039;, ip: &#039;10.41.3.241&#039;, os.name: &#039;Windows 11&#039;, os.arch: &#039;amd64&#039;, os.version: &#039;10.0&#039;, java.version: &#039;20.0.1&#039;
Driver info: org.openqa.selenium.chrome.ChromeDriver
Capabilities {acceptInsecureCerts: false, browserName: chrome, browserVersion: 117.0.5938.134, chrome: {chromedriverVersion: 116.0.5845.96 (1a3918166880..., userDataDir: C:\Users\Bindhu\AppData\Loc...}, fedcm:accounts: true, goog:chromeOptions: {debuggerAddress: localhost:59854}, javascriptEnabled: true, networkConnectionEnabled: false, pageLoadStrategy: normal, platform: WINDOWS, platformName: WINDOWS, proxy: Proxy(), setWindowRect: true, strictFileInteractability: false, timeouts: {implicit: 0, pageLoad: 300000, script: 30000}, unhandledPromptBehavior: dismiss and notify, webauthn:extension:credBlob: true, webauthn:extension:largeBlob: true, webauthn:extension:minPinLength: true, webauthn:extension:prf: true, webauthn:virtualAuthenticators: true}
Session ID: 4805745af1a1a088735598f4ddaed052" type="org.openqa.selenium.ElementClickInterceptedException">
      <![CDATA[org.openqa.selenium.ElementClickInterceptedException: element click intercepted: Element <span class="ui-icon ui-icon-...thick">close</span> is not clickable at point (1483, 8). Other element would receive the click: <div class="ui-widget-overlay" style="width: 1503px; height: 670px; z-index: 1001;"></div>
  (Session info: chrome=117.0.5938.134)
Build info: version: '3.141.59', revision: 'e82be7d358', time: '2018-11-14T08:17:03'
System info: host: 'DESKTOP-RRGPARO', ip: '10.41.3.241', os.name: 'Windows 11', os.arch: 'amd64', os.version: '10.0', java.version: '20.0.1'
Driver info: org.openqa.selenium.chrome.ChromeDriver
Capabilities {acceptInsecureCerts: false, browserName: chrome, browserVersion: 117.0.5938.134, chrome: {chromedriverVersion: 116.0.5845.96 (1a3918166880..., userDataDir: C:\Users\Bindhu\AppData\Loc...}, fedcm:accounts: true, goog:chromeOptions: {debuggerAddress: localhost:59854}, javascriptEnabled: true, networkConnectionEnabled: false, pageLoadStrategy: normal, platform: WINDOWS, platformName: WINDOWS, proxy: Proxy(), setWindowRect: true, strictFileInteractability: false, timeouts: {implicit: 0, pageLoad: 300000, script: 30000}, unhandledPromptBehavior: dismiss and notify, webauthn:extension:credBlob: true, webauthn:extension:largeBlob: true, webauthn:extension:minPinLength: true, webauthn:extension:prf: true, webauthn:virtualAuthenticators: true}
Session ID: 4805745af1a1a088735598f4ddaed052
at java.base/jdk.internal.reflect.DirectConstructorHandleAccessor.newInstance(DirectConstructorHandleAccessor.java:67)
at java.base/java.lang.reflect.Constructor.newInstanceWithCaller(Constructor.java:500)
at java.base/java.lang.reflect.Constructor.newInstance(Constructor.java:484)
at org.openqa.selenium.remote.http.W3CHttpResponseCodec.createException(W3CHttpResponseCodec.java:187)
at org.openqa.selenium.remote.http.W3CHttpResponseCodec.decode(W3CHttpResponseCodec.java:122)
at org.openqa.selenium.remote.http.W3CHttpResponseCodec.decode(W3CHttpResponseCodec.java:49)
at org.openqa.selenium.remote.HttpCommandExecutor.execute(HttpCommandExecutor.java:158)
at org.openqa.selenium.remote.service.DriverCommandExecutor.execute(DriverCommandExecutor.java:83)
at org.openqa.selenium.remote.RemoteWebDriver.execute(RemoteWebDriver.java:552)
at org.openqa.selenium.remote.RemoteWebElement.execute(RemoteWebElement.java:285)
at org.openqa.selenium.remote.RemoteWebElement.click(RemoteWebElement.java:84)
at java.base/jdk.internal.reflect.DirectMethodHandleAccessor.invoke(DirectMethodHandleAccessor.java:104)
at java.base/java.lang.reflect.Method.invoke(Method.java:578)
at org.openqa.selenium.support.pagefactory.internal.LocatingElementHandler.invoke(LocatingElementHandler.java:51)
at jdk.proxy2/jdk.proxy2.$Proxy14.click(Unknown Source)
at Page_Objects.Regualr_TS_Weekly.CloseTimesheet(Regualr_TS_Weekly.java:430)
at Testcases_US.US_Timesheet_Regular.Timesheet_Regular(US_Timesheet_Regular.java:46)
at java.base/jdk.internal.reflect.DirectMethodHandleAccessor.invoke(DirectMethodHandleAccessor.java:104)
at java.base/java.lang.reflect.Method.invoke(Method.java:578)
at org.testng.internal.MethodInvocationHelper.invokeMethod(MethodInvocationHelper.java:133)
at org.testng.internal.TestInvoker.invokeMethod(TestInvoker.java:598)
at org.testng.internal.TestInvoker.invokeTestMethod(TestInvoker.java:173)
at org.testng.internal.MethodRunner.runInSequence(MethodRunner.java:46)
at org.testng.internal.TestInvoker$MethodInvocationAgent.invoke(TestInvoker.java:824)
at org.testng.internal.TestInvoker.invokeTestMethods(TestInvoker.java:146)
at org.testng.internal.TestMethodWorker.invokeTestMethods(TestMethodWorker.java:146)
at org.testng.internal.TestMethodWorker.run(TestMethodWorker.java:128)
at java.base/java.util.ArrayList.forEach(ArrayList.java:1511)
at org.testng.TestRunner.privateRun(TestRunner.java:794)
at org.testng.TestRunner.run(TestRunner.java:596)
at org.testng.SuiteRunner.runTest(SuiteRunner.java:377)
at org.testng.SuiteRunner.runSequentially(SuiteRunner.java:371)
at org.testng.SuiteRunner.privateRun(SuiteRunner.java:332)
at org.testng.SuiteRunner.run(SuiteRunner.java:276)
at org.testng.SuiteRunnerWorker.runSuite(SuiteRunnerWorker.java:53)
at org.testng.SuiteRunnerWorker.run(SuiteRunnerWorker.java:96)
at org.testng.TestNG.runSuitesSequentially(TestNG.java:1212)
at org.testng.TestNG.runSuitesLocally(TestNG.java:1134)
at org.testng.TestNG.runSuites(TestNG.java:1063)
at org.testng.TestNG.run(TestNG.java:1031)
at org.testng.remote.AbstractRemoteTestNG.run(AbstractRemoteTestNG.java:115)
at org.testng.remote.RemoteTestNG.initAndRun(RemoteTestNG.java:251)
at org.testng.remote.RemoteTestNG.main(RemoteTestNG.java:77)
]]>
    </error>
  </testcase> <!-- Timesheet_Regular -->
  <system-out>
    <![CDATA[<a href='C:\Users\Bindhu\eclipse-workspace\CPX_Framework\ScreenShots\failure_screenshots\Timesheet_Regular_06-10-2023_06-01-23.png'> <img src='C:\Users\Bindhu\eclipse-workspace\CPX_Framework\ScreenShots\failure_screenshots\Timesheet_Regular_06-10-2023_06-01-23.png' height='100' width='100'/> </a>]]>
  </system-out>
  <testcase classname="Testcases_US.US_Timesheet_Regular" name="Timesheet_Regular" time="72.860"/>
  <system-out>
    <![CDATA[<a href='C:\Users\Bindhu\eclipse-workspace\CPX_Framework\ScreenShots\Pass_screenshots\Timesheet_Regular_06-10-2023_06-40-12.png'> <img src='C:\Users\Bindhu\eclipse-workspace\CPX_Framework\ScreenShots\Pass_screenshots\Timesheet_Regular_06-10-2023_06-40-12.png' height='100' width='100'/> </a>]]>
  </system-out>
  <testcase classname="Testcases_US.US_Timesheet_Regular" name="Timesheet_Regular" time="71.644"/>
  <system-out>
    <![CDATA[<a href='C:\Users\Bindhu\eclipse-workspace\CPX_Framework\ScreenShots\Pass_screenshots\Timesheet_Regular_06-10-2023_06-03-47.png'> <img src='C:\Users\Bindhu\eclipse-workspace\CPX_Framework\ScreenShots\Pass_screenshots\Timesheet_Regular_06-10-2023_06-03-47.png' height='100' width='100'/> </a>]]>
  </system-out>
  <testcase classname="Testcases_US.US_Timesheet_Regular" name="Timesheet_Regular" time="72.885"/>
  <system-out>
    <![CDATA[<a href='C:\Users\Bindhu\eclipse-workspace\CPX_Framework\ScreenShots\Pass_screenshots\Timesheet_Regular_06-10-2023_06-23-59.png'> <img src='C:\Users\Bindhu\eclipse-workspace\CPX_Framework\ScreenShots\Pass_screenshots\Timesheet_Regular_06-10-2023_06-23-59.png' height='100' width='100'/> </a>]]>
  </system-out>
  <testcase classname="Testcases_US.US_Timesheet_Regular" name="Timesheet_Regular" time="72.443"/>
  <system-out>
    <![CDATA[<a href='C:\Users\Bindhu\eclipse-workspace\CPX_Framework\ScreenShots\Pass_screenshots\Timesheet_Regular_06-10-2023_06-09-57.png'> <img src='C:\Users\Bindhu\eclipse-workspace\CPX_Framework\ScreenShots\Pass_screenshots\Timesheet_Regular_06-10-2023_06-09-57.png' height='100' width='100'/> </a>]]>
  </system-out>
  <testcase classname="Testcases_US.US_Timesheet_Regular" name="Timesheet_Regular" time="73.076"/>
  <system-out>
    <![CDATA[<a href='C:\Users\Bindhu\eclipse-workspace\CPX_Framework\ScreenShots\Pass_screenshots\Timesheet_Regular_06-10-2023_06-53-28.png'> <img src='C:\Users\Bindhu\eclipse-workspace\CPX_Framework\ScreenShots\Pass_screenshots\Timesheet_Regular_06-10-2023_06-53-28.png' height='100' width='100'/> </a>]]>
  </system-out>
  <testcase classname="Testcases_US.US_Timesheet_Regular" name="Timesheet_Regular" time="72.525"/>
  <system-out>
    <![CDATA[<a href='C:\Users\Bindhu\eclipse-workspace\CPX_Framework\ScreenShots\Pass_screenshots\Timesheet_Regular_06-10-2023_06-06-13.png'> <img src='C:\Users\Bindhu\eclipse-workspace\CPX_Framework\ScreenShots\Pass_screenshots\Timesheet_Regular_06-10-2023_06-06-13.png' height='100' width='100'/> </a>]]>
  </system-out>
  <testcase classname="Testcases_US.US_Timesheet_Regular" name="Timesheet_Regular" time="72.774"/>
  <system-out>
    <![CDATA[<a href='C:\Users\Bindhu\eclipse-workspace\CPX_Framework\ScreenShots\Pass_screenshots\Timesheet_Regular_06-10-2023_06-46-16.png'> <img src='C:\Users\Bindhu\eclipse-workspace\CPX_Framework\ScreenShots\Pass_screenshots\Timesheet_Regular_06-10-2023_06-46-16.png' height='100' width='100'/> </a>]]>
  </system-out>
  <testcase classname="Testcases_US.US_Timesheet_Regular" name="Timesheet_Regular" time="72.289"/>
  <system-out>
    <![CDATA[<a href='C:\Users\Bindhu\eclipse-workspace\CPX_Framework\ScreenShots\Pass_screenshots\Timesheet_Regular_06-10-2023_06-05-00.png'> <img src='C:\Users\Bindhu\eclipse-workspace\CPX_Framework\ScreenShots\Pass_screenshots\Timesheet_Regular_06-10-2023_06-05-00.png' height='100' width='100'/> </a>]]>
  </system-out>
  <testcase classname="Testcases_US.US_Timesheet_Regular" name="Timesheet_Regular" time="72.564"/>
  <system-out>
    <![CDATA[<a href='C:\Users\Bindhu\eclipse-workspace\CPX_Framework\ScreenShots\Pass_screenshots\Timesheet_Regular_06-10-2023_06-27-56.png'> <img src='C:\Users\Bindhu\eclipse-workspace\CPX_Framework\ScreenShots\Pass_screenshots\Timesheet_Regular_06-10-2023_06-27-56.png' height='100' width='100'/> </a>]]>
  </system-out>
  <testcase classname="Testcases_US.US_Timesheet_Regular" name="Timesheet_Regular" time="73.195"/>
  <system-out>
    <![CDATA[<a href='C:\Users\Bindhu\eclipse-workspace\CPX_Framework\ScreenShots\Pass_screenshots\Timesheet_Regular_06-10-2023_06-43-50.png'> <img src='C:\Users\Bindhu\eclipse-workspace\CPX_Framework\ScreenShots\Pass_screenshots\Timesheet_Regular_06-10-2023_06-43-50.png' height='100' width='100'/> </a>]]>
  </system-out>
  <testcase classname="Testcases_US.US_Timesheet_Regular" name="Timesheet_Regular" time="72.610"/>
  <system-out>
    <![CDATA[<a href='C:\Users\Bindhu\eclipse-workspace\CPX_Framework\ScreenShots\Pass_screenshots\Timesheet_Regular_06-10-2023_06-36-30.png'> <img src='C:\Users\Bindhu\eclipse-workspace\CPX_Framework\ScreenShots\Pass_screenshots\Timesheet_Regular_06-10-2023_06-36-30.png' height='100' width='100'/> </a>]]>
  </system-out>
  <testcase classname="Testcases_US.US_Timesheet_Regular" name="Timesheet_Regular" time="72.113"/>
  <system-out>
    <![CDATA[<a href='C:\Users\Bindhu\eclipse-workspace\CPX_Framework\ScreenShots\Pass_screenshots\Timesheet_Regular_06-10-2023_06-12-23.png'> <img src='C:\Users\Bindhu\eclipse-workspace\CPX_Framework\ScreenShots\Pass_screenshots\Timesheet_Regular_06-10-2023_06-12-23.png' height='100' width='100'/> </a>]]>
  </system-out>
  <testcase classname="Testcases_US.US_Timesheet_Regular" name="Timesheet_Regular" time="72.250"/>
  <system-out>
    <![CDATA[<a href='C:\Users\Bindhu\eclipse-workspace\CPX_Framework\ScreenShots\Pass_screenshots\Timesheet_Regular_06-10-2023_06-22-46.png'> <img src='C:\Users\Bindhu\eclipse-workspace\CPX_Framework\ScreenShots\Pass_screenshots\Timesheet_Regular_06-10-2023_06-22-46.png' height='100' width='100'/> </a>]]>
  </system-out>
  <testcase classname="Testcases_US.US_Timesheet_Regular" name="Timesheet_Regular" time="73.196"/>
  <system-out>
    <![CDATA[<a href='C:\Users\Bindhu\eclipse-workspace\CPX_Framework\ScreenShots\Pass_screenshots\Timesheet_Regular_06-10-2023_06-07-27.png'> <img src='C:\Users\Bindhu\eclipse-workspace\CPX_Framework\ScreenShots\Pass_screenshots\Timesheet_Regular_06-10-2023_06-07-27.png' height='100' width='100'/> </a>]]>
  </system-out>
  <testcase classname="Testcases_US.US_Timesheet_Regular" name="Timesheet_Regular" time="54.620"/>
  <system-out>
    <![CDATA[<a href='C:\Users\Bindhu\eclipse-workspace\CPX_Framework\ScreenShots\Pass_screenshots\Timesheet_Regular_06-10-2023_05-52-15.png'> <img src='C:\Users\Bindhu\eclipse-workspace\CPX_Framework\ScreenShots\Pass_screenshots\Timesheet_Regular_06-10-2023_05-52-15.png' height='100' width='100'/> </a>]]>
  </system-out>
  <testcase classname="Testcases_US.US_Timesheet_Regular" name="Timesheet_Regular" time="71.864"/>
  <system-out>
    <![CDATA[<a href='C:\Users\Bindhu\eclipse-workspace\CPX_Framework\ScreenShots\Pass_screenshots\Timesheet_Regular_06-10-2023_05-53-28.png'> <img src='C:\Users\Bindhu\eclipse-workspace\CPX_Framework\ScreenShots\Pass_screenshots\Timesheet_Regular_06-10-2023_05-53-28.png' height='100' width='100'/> </a>]]>
  </system-out>
  <testcase classname="Testcases_US.US_Timesheet_Regular" name="Timesheet_Regular" time="72.253"/>
  <system-out>
    <![CDATA[<a href='C:\Users\Bindhu\eclipse-workspace\CPX_Framework\ScreenShots\Pass_screenshots\Timesheet_Regular_06-10-2023_05-58-55.png'> <img src='C:\Users\Bindhu\eclipse-workspace\CPX_Framework\ScreenShots\Pass_screenshots\Timesheet_Regular_06-10-2023_05-58-55.png' height='100' width='100'/> </a>]]>
  </system-out>
  <testcase classname="Testcases_US.US_Timesheet_Regular" name="Timesheet_Regular" time="72.156"/>
  <system-out>
    <![CDATA[<a href='C:\Users\Bindhu\eclipse-workspace\CPX_Framework\ScreenShots\Pass_screenshots\Timesheet_Regular_06-10-2023_06-42-36.png'> <img src='C:\Users\Bindhu\eclipse-workspace\CPX_Framework\ScreenShots\Pass_screenshots\Timesheet_Regular_06-10-2023_06-42-36.png' height='100' width='100'/> </a>]]>
  </system-out>
  <testcase classname="Testcases_US.US_Timesheet_Regular" name="Timesheet_Regular" time="71.656"/>
  <system-out>
    <![CDATA[<a href='C:\Users\Bindhu\eclipse-workspace\CPX_Framework\ScreenShots\Pass_screenshots\Timesheet_Regular_06-10-2023_05-56-12.png'> <img src='C:\Users\Bindhu\eclipse-workspace\CPX_Framework\ScreenShots\Pass_screenshots\Timesheet_Regular_06-10-2023_05-56-12.png' height='100' width='100'/> </a>]]>
  </system-out>
  <testcase classname="Testcases_US.US_Timesheet_Regular" name="Timesheet_Regular" time="73.510"/>
  <system-out>
    <![CDATA[<a href='C:\Users\Bindhu\eclipse-workspace\CPX_Framework\ScreenShots\Pass_screenshots\Timesheet_Regular_06-10-2023_06-38-59.png'> <img src='C:\Users\Bindhu\eclipse-workspace\CPX_Framework\ScreenShots\Pass_screenshots\Timesheet_Regular_06-10-2023_06-38-59.png' height='100' width='100'/> </a>]]>
  </system-out>
  <testcase classname="Testcases_US.US_Timesheet_Regular" name="Timesheet_Regular" time="72.024"/>
  <system-out>
    <![CDATA[<a href='C:\Users\Bindhu\eclipse-workspace\CPX_Framework\ScreenShots\Pass_screenshots\Timesheet_Regular_06-10-2023_06-21-33.png'> <img src='C:\Users\Bindhu\eclipse-workspace\CPX_Framework\ScreenShots\Pass_screenshots\Timesheet_Regular_06-10-2023_06-21-33.png' height='100' width='100'/> </a>]]>
  </system-out>
  <testcase classname="Testcases_US.US_Timesheet_Regular" name="Timesheet_Regular" time="71.515"/>
  <system-out>
    <![CDATA[<a href='C:\Users\Bindhu\eclipse-workspace\CPX_Framework\ScreenShots\Pass_screenshots\Timesheet_Regular_06-10-2023_06-30-19.png'> <img src='C:\Users\Bindhu\eclipse-workspace\CPX_Framework\ScreenShots\Pass_screenshots\Timesheet_Regular_06-10-2023_06-30-19.png' height='100' width='100'/> </a>]]>
  </system-out>
  <testcase classname="Testcases_US.US_Timesheet_Regular" name="Timesheet_Regular" time="71.431"/>
  <system-out>
    <![CDATA[<a href='C:\Users\Bindhu\eclipse-workspace\CPX_Framework\ScreenShots\Pass_screenshots\Timesheet_Regular_06-10-2023_06-14-47.png'> <img src='C:\Users\Bindhu\eclipse-workspace\CPX_Framework\ScreenShots\Pass_screenshots\Timesheet_Regular_06-10-2023_06-14-47.png' height='100' width='100'/> </a>]]>
  </system-out>
  <testcase classname="Testcases_US.US_Timesheet_Regular" name="Timesheet_Regular" time="73.350"/>
  <system-out>
    <![CDATA[<a href='C:\Users\Bindhu\eclipse-workspace\CPX_Framework\ScreenShots\Pass_screenshots\Timesheet_Regular_06-10-2023_06-16-00.png'> <img src='C:\Users\Bindhu\eclipse-workspace\CPX_Framework\ScreenShots\Pass_screenshots\Timesheet_Regular_06-10-2023_06-16-00.png' height='100' width='100'/> </a>]]>
  </system-out>
  <testcase classname="Testcases_US.US_Timesheet_Regular" name="Timesheet_Regular" time="94.900"/>
  <system-out>
    <![CDATA[<a href='C:\Users\Bindhu\eclipse-workspace\CPX_Framework\ScreenShots\Pass_screenshots\Timesheet_Regular_06-10-2023_06-19-08.png'> <img src='C:\Users\Bindhu\eclipse-workspace\CPX_Framework\ScreenShots\Pass_screenshots\Timesheet_Regular_06-10-2023_06-19-08.png' height='100' width='100'/> </a>]]>
  </system-out>
  <testcase classname="Testcases_US.US_Timesheet_Regular" name="Timesheet_Regular" time="71.158"/>
  <system-out>
    <![CDATA[<a href='C:\Users\Bindhu\eclipse-workspace\CPX_Framework\ScreenShots\Pass_screenshots\Timesheet_Regular_06-10-2023_06-48-40.png'> <img src='C:\Users\Bindhu\eclipse-workspace\CPX_Framework\ScreenShots\Pass_screenshots\Timesheet_Regular_06-10-2023_06-48-40.png' height='100' width='100'/> </a>]]>
  </system-out>
  <testcase classname="Testcases_US.US_Timesheet_Regular" name="Timesheet_Regular" time="72.413"/>
  <system-out>
    <![CDATA[<a href='C:\Users\Bindhu\eclipse-workspace\CPX_Framework\ScreenShots\Pass_screenshots\Timesheet_Regular_06-10-2023_06-26-43.png'> <img src='C:\Users\Bindhu\eclipse-workspace\CPX_Framework\ScreenShots\Pass_screenshots\Timesheet_Regular_06-10-2023_06-26-43.png' height='100' width='100'/> </a>]]>
  </system-out>
  <testcase classname="Testcases_US.US_Timesheet_Regular" name="Timesheet_Regular" time="71.677"/>
  <system-out>
    <![CDATA[<a href='C:\Users\Bindhu\eclipse-workspace\CPX_Framework\ScreenShots\Pass_screenshots\Timesheet_Regular_06-10-2023_06-41-24.png'> <img src='C:\Users\Bindhu\eclipse-workspace\CPX_Framework\ScreenShots\Pass_screenshots\Timesheet_Regular_06-10-2023_06-41-24.png' height='100' width='100'/> </a>]]>
  </system-out>
</testsuite> <!-- Testcases_US.US_Timesheet_Regular -->
