<?xml version="1.0" encoding="UTF-8"?>
<!-- Generated by org.testng.reporters.JUnitReportReporter -->
<testsuite hostname="DESKTOP-RRGPARO" failures="0" tests="1" name="TestCases_India.India_Emp" time="49.397" errors="0" timestamp="2023-11-29T16:49:53 IST" skipped="0">
  <testcase classname="TestCases_India.India_Emp" name="Employee" time="49.397"/>
  <system-out/>
</testsuite> <!-- TestCases_India.India_Emp -->
