<?xml version="1.0" encoding="UTF-8"?>
<!-- Generated by org.testng.reporters.JUnitReportReporter -->
<testsuite hostname="DESKTOP-RRGPARO" failures="0" tests="16" name="Testcases_US.US_OfferMgmt_ManualProcess" time="85.200" errors="0" timestamp="2023-09-14T17:21:19 IST" skipped="0">
  <testcase classname="Testcases_US.US_OfferMgmt_ManualProcess" name="Clinical_NewEmp" time="2.608"/>
  <system-out>
    <![CDATA[<a href='C:\Users\Bindhu\eclipse-workspace\CPX_Framework\ScreenShots\Pass_screenshots\Clinical_NewEmp_14-09-2023_05-20-46.png'> <img src='C:\Users\Bindhu\eclipse-workspace\CPX_Framework\ScreenShots\Pass_screenshots\Clinical_NewEmp_14-09-2023_05-20-46.png' height='100' width='100'/> </a>]]>
  </system-out>
  <testcase classname="Testcases_US.US_OfferMgmt_ManualProcess" name="Clinical_NewEmp" time="1.841"/>
  <system-out>
    <![CDATA[<a href='C:\Users\Bindhu\eclipse-workspace\CPX_Framework\ScreenShots\Pass_screenshots\Clinical_NewEmp_14-09-2023_05-21-17.png'> <img src='C:\Users\Bindhu\eclipse-workspace\CPX_Framework\ScreenShots\Pass_screenshots\Clinical_NewEmp_14-09-2023_05-21-17.png' height='100' width='100'/> </a>]]>
  </system-out>
  <testcase classname="Testcases_US.US_OfferMgmt_ManualProcess" name="Clinical_NewEmp" time="2.084"/>
  <system-out>
    <![CDATA[<a href='C:\Users\Bindhu\eclipse-workspace\CPX_Framework\ScreenShots\Pass_screenshots\Clinical_NewEmp_14-09-2023_05-20-56.png'> <img src='C:\Users\Bindhu\eclipse-workspace\CPX_Framework\ScreenShots\Pass_screenshots\Clinical_NewEmp_14-09-2023_05-20-56.png' height='100' width='100'/> </a>]]>
  </system-out>
  <testcase classname="Testcases_US.US_OfferMgmt_ManualProcess" name="Clinical_NewEmp" time="2.383"/>
  <system-out>
    <![CDATA[<a href='C:\Users\Bindhu\eclipse-workspace\CPX_Framework\ScreenShots\Pass_screenshots\Clinical_NewEmp_14-09-2023_05-20-51.png'> <img src='C:\Users\Bindhu\eclipse-workspace\CPX_Framework\ScreenShots\Pass_screenshots\Clinical_NewEmp_14-09-2023_05-20-51.png' height='100' width='100'/> </a>]]>
  </system-out>
  <testcase classname="Testcases_US.US_OfferMgmt_ManualProcess" name="Clinical_NewEmp" time="1.969"/>
  <system-out>
    <![CDATA[<a href='C:\Users\Bindhu\eclipse-workspace\CPX_Framework\ScreenShots\Pass_screenshots\Clinical_NewEmp_14-09-2023_05-20-58.png'> <img src='C:\Users\Bindhu\eclipse-workspace\CPX_Framework\ScreenShots\Pass_screenshots\Clinical_NewEmp_14-09-2023_05-20-58.png' height='100' width='100'/> </a>]]>
  </system-out>
  <testcase classname="Testcases_US.US_OfferMgmt_ManualProcess" name="Clinical_NewEmp" time="2.628"/>
  <system-out>
    <![CDATA[<a href='C:\Users\Bindhu\eclipse-workspace\CPX_Framework\ScreenShots\Pass_screenshots\Clinical_NewEmp_14-09-2023_05-21-05.png'> <img src='C:\Users\Bindhu\eclipse-workspace\CPX_Framework\ScreenShots\Pass_screenshots\Clinical_NewEmp_14-09-2023_05-21-05.png' height='100' width='100'/> </a>]]>
  </system-out>
  <testcase classname="Testcases_US.US_OfferMgmt_ManualProcess" name="Clinical_NewEmp" time="2.018"/>
  <system-out>
    <![CDATA[<a href='C:\Users\Bindhu\eclipse-workspace\CPX_Framework\ScreenShots\Pass_screenshots\Clinical_NewEmp_14-09-2023_05-21-15.png'> <img src='C:\Users\Bindhu\eclipse-workspace\CPX_Framework\ScreenShots\Pass_screenshots\Clinical_NewEmp_14-09-2023_05-21-15.png' height='100' width='100'/> </a>]]>
  </system-out>
  <testcase classname="Testcases_US.US_OfferMgmt_ManualProcess" name="Clinical_NewEmp" time="2.668"/>
  <system-out>
    <![CDATA[<a href='C:\Users\Bindhu\eclipse-workspace\CPX_Framework\ScreenShots\Pass_screenshots\Clinical_NewEmp_14-09-2023_05-20-49.png'> <img src='C:\Users\Bindhu\eclipse-workspace\CPX_Framework\ScreenShots\Pass_screenshots\Clinical_NewEmp_14-09-2023_05-20-49.png' height='100' width='100'/> </a>]]>
  </system-out>
  <testcase classname="Testcases_US.US_OfferMgmt_ManualProcess" name="Clinical_NewEmp" time="1.874"/>
  <system-out>
    <![CDATA[<a href='C:\Users\Bindhu\eclipse-workspace\CPX_Framework\ScreenShots\Pass_screenshots\Clinical_NewEmp_14-09-2023_05-20-53.png'> <img src='C:\Users\Bindhu\eclipse-workspace\CPX_Framework\ScreenShots\Pass_screenshots\Clinical_NewEmp_14-09-2023_05-20-53.png' height='100' width='100'/> </a>]]>
  </system-out>
  <testcase classname="Testcases_US.US_OfferMgmt_ManualProcess" name="Clinical_NewEmp" time="2.179"/>
  <system-out>
    <![CDATA[<a href='C:\Users\Bindhu\eclipse-workspace\CPX_Framework\ScreenShots\Pass_screenshots\Clinical_NewEmp_14-09-2023_05-21-10.png'> <img src='C:\Users\Bindhu\eclipse-workspace\CPX_Framework\ScreenShots\Pass_screenshots\Clinical_NewEmp_14-09-2023_05-21-10.png' height='100' width='100'/> </a>]]>
  </system-out>
  <testcase classname="Testcases_US.US_OfferMgmt_ManualProcess" name="Clinical_NewEmp" time="2.623"/>
  <system-out>
    <![CDATA[<a href='C:\Users\Bindhu\eclipse-workspace\CPX_Framework\ScreenShots\Pass_screenshots\Clinical_NewEmp_14-09-2023_05-21-12.png'> <img src='C:\Users\Bindhu\eclipse-workspace\CPX_Framework\ScreenShots\Pass_screenshots\Clinical_NewEmp_14-09-2023_05-21-12.png' height='100' width='100'/> </a>]]>
  </system-out>
  <testcase classname="Testcases_US.US_OfferMgmt_ManualProcess" name="Clinical_NewEmp" time="2.282"/>
  <system-out>
    <![CDATA[<a href='C:\Users\Bindhu\eclipse-workspace\CPX_Framework\ScreenShots\Pass_screenshots\Clinical_NewEmp_14-09-2023_05-21-07.png'> <img src='C:\Users\Bindhu\eclipse-workspace\CPX_Framework\ScreenShots\Pass_screenshots\Clinical_NewEmp_14-09-2023_05-21-07.png' height='100' width='100'/> </a>]]>
  </system-out>
  <testcase classname="Testcases_US.US_OfferMgmt_ManualProcess" name="Clinical_NewEmp" time="1.853"/>
  <system-out>
    <![CDATA[<a href='C:\Users\Bindhu\eclipse-workspace\CPX_Framework\ScreenShots\Pass_screenshots\Clinical_NewEmp_14-09-2023_05-21-00.png'> <img src='C:\Users\Bindhu\eclipse-workspace\CPX_Framework\ScreenShots\Pass_screenshots\Clinical_NewEmp_14-09-2023_05-21-00.png' height='100' width='100'/> </a>]]>
  </system-out>
  <testcase classname="Testcases_US.US_OfferMgmt_ManualProcess" name="Clinical_NewEmp" time="52.683"/>
  <system-out>
    <![CDATA[<a href='C:\Users\Bindhu\eclipse-workspace\CPX_Framework\ScreenShots\Pass_screenshots\Clinical_NewEmp_14-09-2023_05-20-43.png'> <img src='C:\Users\Bindhu\eclipse-workspace\CPX_Framework\ScreenShots\Pass_screenshots\Clinical_NewEmp_14-09-2023_05-20-43.png' height='100' width='100'/> </a>]]>
  </system-out>
  <testcase classname="Testcases_US.US_OfferMgmt_ManualProcess" name="Clinical_NewEmp" time="1.821"/>
  <system-out>
    <![CDATA[<a href='C:\Users\Bindhu\eclipse-workspace\CPX_Framework\ScreenShots\Pass_screenshots\Clinical_NewEmp_14-09-2023_05-21-02.png'> <img src='C:\Users\Bindhu\eclipse-workspace\CPX_Framework\ScreenShots\Pass_screenshots\Clinical_NewEmp_14-09-2023_05-21-02.png' height='100' width='100'/> </a>]]>
  </system-out>
  <testcase classname="Testcases_US.US_OfferMgmt_ManualProcess" name="Clinical_NewEmp" time="1.686"/>
  <system-out>
    <![CDATA[<a href='C:\Users\Bindhu\eclipse-workspace\CPX_Framework\ScreenShots\Pass_screenshots\Clinical_NewEmp_14-09-2023_05-21-19.png'> <img src='C:\Users\Bindhu\eclipse-workspace\CPX_Framework\ScreenShots\Pass_screenshots\Clinical_NewEmp_14-09-2023_05-21-19.png' height='100' width='100'/> </a>]]>
  </system-out>
</testsuite> <!-- Testcases_US.US_OfferMgmt_ManualProcess -->
