<?xml version="1.0" encoding="UTF-8"?>
<!-- Generated by org.testng.reporters.JUnitReportReporter -->
<testsuite hostname="DESKTOP-RRGPARO" failures="0" tests="17" name="Testcases_ECQR.ECQR_RegEMP" time="410.244" errors="0" timestamp="2023-11-22T15:07:31 IST" skipped="0">
  <testcase classname="Testcases_ECQR.ECQR_RegEMP" name="HRApproval_Page" time="84.716"/>
  <system-out/>
  <testcase classname="Testcases_ECQR.ECQR_RegEMP" name="ManagerApproval_Page" time="3.745"/>
  <system-out/>
  <testcase classname="Testcases_ECQR.ECQR_RegEMP" name="CandidatePage" time="2.249"/>
  <system-out/>
  <testcase classname="Testcases_ECQR.ECQR_RegEMP" name="RequirementPage" time="2.423"/>
  <system-out/>
  <testcase classname="Testcases_ECQR.ECQR_RegEMP" name="OBEmpPortal_Page" time="1.557"/>
  <system-out/>
  <testcase classname="Testcases_ECQR.ECQR_RegEMP" name="SearchReqPage" time="20.823"/>
  <system-out/>
  <testcase classname="Testcases_ECQR.ECQR_RegEMP" name="Submit_OfferAccepted_Page" time="1.908"/>
  <system-out/>
  <testcase classname="Testcases_ECQR.ECQR_RegEMP" name="ExternalEmpView_Page" time="18.194"/>
  <system-out/>
  <testcase classname="Testcases_ECQR.ECQR_RegEMP" name="LoginPage" time="23.254"/>
  <system-out/>
  <testcase classname="Testcases_ECQR.ECQR_RegEMP" name="SubmitCandAndReq" time="1.862"/>
  <system-out/>
  <testcase classname="Testcases_ECQR.ECQR_RegEMP" name="OB_EmpModule_Page" time="116.688"/>
  <system-out/>
  <testcase classname="Testcases_ECQR.ECQR_RegEMP" name="ClientPage" time="3.334"/>
  <system-out/>
  <testcase classname="Testcases_ECQR.ECQR_RegEMP" name="InititiateOB_Page" time="1.994"/>
  <system-out/>
  <testcase classname="Testcases_ECQR.ECQR_RegEMP" name="Submit_OfferRequested_Page" time="1.730"/>
  <system-out/>
  <testcase classname="Testcases_ECQR.ECQR_RegEMP" name="RecApproval_Page" time="4.201"/>
  <system-out/>
  <testcase classname="Testcases_ECQR.ECQR_RegEMP" name="CreateEmp_Page" time="21.840"/>
  <system-out/>
  <testcase classname="Testcases_ECQR.ECQR_RegEMP" name="BillPayRateChange" time="99.726"/>
  <system-out/>
</testsuite> <!-- Testcases_ECQR.ECQR_RegEMP -->
