<?xml version="1.0" encoding="UTF-8"?>
<!-- Generated by org.testng.reporters.JUnitReportReporter -->
<testsuite hostname="DESKTOP-RRGPARO" failures="0" tests="16" name="Testcases_US.US_OfferMgmt_ATSJOb" time="310.832" errors="0" timestamp="2023-09-25T18:21:50 IST" skipped="0">
  <testcase classname="Testcases_US.US_OfferMgmt_ATSJOb" name="Clinical_NewEmp" time="1.789"/>
  <system-out>
    <![CDATA[<a href='C:\Users\Bindhu\eclipse-workspace\CPX_Framework\ScreenShots\Pass_screenshots\Clinical_NewEmp_25-09-2023_06-17-16.png'> <img src='C:\Users\Bindhu\eclipse-workspace\CPX_Framework\ScreenShots\Pass_screenshots\Clinical_NewEmp_25-09-2023_06-17-16.png' height='100' width='100'/> </a>]]>
  </system-out>
  <testcase classname="Testcases_US.US_OfferMgmt_ATSJOb" name="Clinical_NewEmp" time="1.987"/>
  <system-out>
    <![CDATA[<a href='C:\Users\Bindhu\eclipse-workspace\CPX_Framework\ScreenShots\Pass_screenshots\Clinical_NewEmp_25-09-2023_06-17-00.png'> <img src='C:\Users\Bindhu\eclipse-workspace\CPX_Framework\ScreenShots\Pass_screenshots\Clinical_NewEmp_25-09-2023_06-17-00.png' height='100' width='100'/> </a>]]>
  </system-out>
  <testcase classname="Testcases_US.US_OfferMgmt_ATSJOb" name="Clinical_NewEmp" time="2.575"/>
  <system-out>
    <![CDATA[<a href='C:\Users\Bindhu\eclipse-workspace\CPX_Framework\ScreenShots\Pass_screenshots\Clinical_NewEmp_25-09-2023_06-16-50.png'> <img src='C:\Users\Bindhu\eclipse-workspace\CPX_Framework\ScreenShots\Pass_screenshots\Clinical_NewEmp_25-09-2023_06-16-50.png' height='100' width='100'/> </a>]]>
  </system-out>
  <testcase classname="Testcases_US.US_OfferMgmt_ATSJOb" name="Clinical_NewEmp" time="1.704"/>
  <system-out>
    <![CDATA[<a href='C:\Users\Bindhu\eclipse-workspace\CPX_Framework\ScreenShots\Pass_screenshots\Clinical_NewEmp_25-09-2023_06-17-10.png'> <img src='C:\Users\Bindhu\eclipse-workspace\CPX_Framework\ScreenShots\Pass_screenshots\Clinical_NewEmp_25-09-2023_06-17-10.png' height='100' width='100'/> </a>]]>
  </system-out>
  <testcase classname="Testcases_US.US_OfferMgmt_ATSJOb" name="Clinical_NewEmp" time="1.825"/>
  <system-out>
    <![CDATA[<a href='C:\Users\Bindhu\eclipse-workspace\CPX_Framework\ScreenShots\Pass_screenshots\Clinical_NewEmp_25-09-2023_06-17-08.png'> <img src='C:\Users\Bindhu\eclipse-workspace\CPX_Framework\ScreenShots\Pass_screenshots\Clinical_NewEmp_25-09-2023_06-17-08.png' height='100' width='100'/> </a>]]>
  </system-out>
  <testcase classname="Testcases_US.US_OfferMgmt_ATSJOb" name="Clinical_NewEmp" time="1.612"/>
  <system-out>
    <![CDATA[<a href='C:\Users\Bindhu\eclipse-workspace\CPX_Framework\ScreenShots\Pass_screenshots\Clinical_NewEmp_25-09-2023_06-16-58.png'> <img src='C:\Users\Bindhu\eclipse-workspace\CPX_Framework\ScreenShots\Pass_screenshots\Clinical_NewEmp_25-09-2023_06-16-58.png' height='100' width='100'/> </a>]]>
  </system-out>
  <testcase classname="Testcases_US.US_OfferMgmt_ATSJOb" name="Clinical_NewEmp" time="1.591"/>
  <system-out>
    <![CDATA[<a href='C:\Users\Bindhu\eclipse-workspace\CPX_Framework\ScreenShots\Pass_screenshots\Clinical_NewEmp_25-09-2023_06-17-14.png'> <img src='C:\Users\Bindhu\eclipse-workspace\CPX_Framework\ScreenShots\Pass_screenshots\Clinical_NewEmp_25-09-2023_06-17-14.png' height='100' width='100'/> </a>]]>
  </system-out>
  <testcase classname="Testcases_US.US_OfferMgmt_ATSJOb" name="Clinical_NewEmp" time="1.644"/>
  <system-out>
    <![CDATA[<a href='C:\Users\Bindhu\eclipse-workspace\CPX_Framework\ScreenShots\Pass_screenshots\Clinical_NewEmp_25-09-2023_06-17-02.png'> <img src='C:\Users\Bindhu\eclipse-workspace\CPX_Framework\ScreenShots\Pass_screenshots\Clinical_NewEmp_25-09-2023_06-17-02.png' height='100' width='100'/> </a>]]>
  </system-out>
  <testcase classname="Testcases_US.US_OfferMgmt_ATSJOb" name="Clinical_NewEmp" time="1.874"/>
  <system-out>
    <![CDATA[<a href='C:\Users\Bindhu\eclipse-workspace\CPX_Framework\ScreenShots\Pass_screenshots\Clinical_NewEmp_25-09-2023_06-16-56.png'> <img src='C:\Users\Bindhu\eclipse-workspace\CPX_Framework\ScreenShots\Pass_screenshots\Clinical_NewEmp_25-09-2023_06-16-56.png' height='100' width='100'/> </a>]]>
  </system-out>
  <testcase classname="Testcases_US.US_OfferMgmt_ATSJOb" name="Clinical_NewEmp" time="1.702"/>
  <system-out>
    <![CDATA[<a href='C:\Users\Bindhu\eclipse-workspace\CPX_Framework\ScreenShots\Pass_screenshots\Clinical_NewEmp_25-09-2023_06-17-06.png'> <img src='C:\Users\Bindhu\eclipse-workspace\CPX_Framework\ScreenShots\Pass_screenshots\Clinical_NewEmp_25-09-2023_06-17-06.png' height='100' width='100'/> </a>]]>
  </system-out>
  <testcase classname="Testcases_US.US_OfferMgmt_ATSJOb" name="Clinical_NewEmp" time="2.164"/>
  <system-out>
    <![CDATA[<a href='C:\Users\Bindhu\eclipse-workspace\CPX_Framework\ScreenShots\Pass_screenshots\Clinical_NewEmp_25-09-2023_06-16-54.png'> <img src='C:\Users\Bindhu\eclipse-workspace\CPX_Framework\ScreenShots\Pass_screenshots\Clinical_NewEmp_25-09-2023_06-16-54.png' height='100' width='100'/> </a>]]>
  </system-out>
  <testcase classname="Testcases_US.US_OfferMgmt_ATSJOb" name="Clinical_NewEmp" time="2.033"/>
  <system-out>
    <![CDATA[<a href='C:\Users\Bindhu\eclipse-workspace\CPX_Framework\ScreenShots\Pass_screenshots\Clinical_NewEmp_25-09-2023_06-16-52.png'> <img src='C:\Users\Bindhu\eclipse-workspace\CPX_Framework\ScreenShots\Pass_screenshots\Clinical_NewEmp_25-09-2023_06-16-52.png' height='100' width='100'/> </a>]]>
  </system-out>
  <testcase classname="Testcases_US.US_OfferMgmt_ATSJOb" name="Clinical_NewEmp" time="1.875"/>
  <system-out>
    <![CDATA[<a href='C:\Users\Bindhu\eclipse-workspace\CPX_Framework\ScreenShots\Pass_screenshots\Clinical_NewEmp_25-09-2023_06-17-04.png'> <img src='C:\Users\Bindhu\eclipse-workspace\CPX_Framework\ScreenShots\Pass_screenshots\Clinical_NewEmp_25-09-2023_06-17-04.png' height='100' width='100'/> </a>]]>
  </system-out>
  <testcase classname="Testcases_US.US_OfferMgmt_ATSJOb" name="Clinical_NewEmp" time="1.832"/>
  <system-out>
    <![CDATA[<a href='C:\Users\Bindhu\eclipse-workspace\CPX_Framework\ScreenShots\Pass_screenshots\Clinical_NewEmp_25-09-2023_06-17-12.png'> <img src='C:\Users\Bindhu\eclipse-workspace\CPX_Framework\ScreenShots\Pass_screenshots\Clinical_NewEmp_25-09-2023_06-17-12.png' height='100' width='100'/> </a>]]>
  </system-out>
  <testcase classname="Testcases_US.US_OfferMgmt_ATSJOb" name="Clinical_NewEmp" time="11.002"/>
  <system-out>
    <![CDATA[<a href='C:\Users\Bindhu\eclipse-workspace\CPX_Framework\ScreenShots\Pass_screenshots\Clinical_NewEmp_25-09-2023_06-16-46.png'> <img src='C:\Users\Bindhu\eclipse-workspace\CPX_Framework\ScreenShots\Pass_screenshots\Clinical_NewEmp_25-09-2023_06-16-46.png' height='100' width='100'/> </a>]]>
  </system-out>
  <testcase classname="Testcases_US.US_OfferMgmt_ATSJOb" name="Clinical_NewEmp" time="273.623"/>
  <system-out>
    <![CDATA[<a href='C:\Users\Bindhu\eclipse-workspace\CPX_Framework\ScreenShots\Pass_screenshots\Clinical_NewEmp_25-09-2023_06-21-49.png'> <img src='C:\Users\Bindhu\eclipse-workspace\CPX_Framework\ScreenShots\Pass_screenshots\Clinical_NewEmp_25-09-2023_06-21-49.png' height='100' width='100'/> </a>]]>
  </system-out>
</testsuite> <!-- Testcases_US.US_OfferMgmt_ATSJOb -->
