<?xml version="1.0" encoding="UTF-8"?>
<!-- Generated by org.testng.reporters.JUnitReportReporter -->
<testsuite hostname="DESKTOP-RRGPARO" failures="0" tests="1" name="Testcases_US.US_EA_ContractExtension" time="89.124" errors="0" timestamp="2023-09-29T19:40:42 IST" skipped="0">
  <testcase classname="Testcases_US.US_EA_ContractExtension" name="EA_Extension" time="89.124"/>
  <system-out>
    <![CDATA[<a href='C:\Users\Bindhu\eclipse-workspace\CPX_Framework\ScreenShots\Pass_screenshots\EA_Extension_29-09-2023_07-40-41.png'> <img src='C:\Users\Bindhu\eclipse-workspace\CPX_Framework\ScreenShots\Pass_screenshots\EA_Extension_29-09-2023_07-40-41.png' height='100' width='100'/> </a>]]>
  </system-out>
</testsuite> <!-- Testcases_US.US_EA_ContractExtension -->
