<?xml version="1.0" encoding="UTF-8"?>
<!-- Generated by org.testng.reporters.JUnitReportReporter -->
<testsuite hostname="DESKTOP-RRGPARO" failures="0" tests="1" name="TestCases_Canada.Canada_Emp" time="72.700" errors="0" timestamp="2023-04-06T18:40:34 IST" skipped="0">
  <testcase classname="TestCases_Canada.Canada_Emp" name="Employee" time="72.700"/>
  <system-out/>
</testsuite> <!-- TestCases_Canada.Canada_Emp -->
