<?xml version="1.0" encoding="UTF-8"?>
<!-- Generated by org.testng.reporters.JUnitReportReporter -->
<testsuite hostname="DESKTOP-RRGPARO" failures="0" tests="1" name="Testcases_US.US_WebTS" time="85.347" errors="0" timestamp="2023-11-18T14:01:09 IST" skipped="0">
  <testcase classname="Testcases_US.US_WebTS" name="Web_TS" time="85.347"/>
  <system-out/>
</testsuite> <!-- Testcases_US.US_WebTS -->
