<?xml version="1.0" encoding="UTF-8"?>
<!-- Generated by org.testng.reporters.JUnitReportReporter -->
<testsuite hostname="DESKTOP-RRGPARO" failures="0" tests="19" name="Testcases_US.US_Clinical_RegEmp" time="1681.835" errors="0" timestamp="2023-08-24T11:38:13 IST" skipped="0">
  <testcase classname="Testcases_US.US_Clinical_RegEmp" name="Clinical_NewEmp" time="26.043"/>
  <system-out>
    <![CDATA[<a href='C:\Users\Bindhu\eclipse-workspace\CPX_Framework\ScreenShots\Pass_screenshots\Clinical_NewEmp_24-08-2023_11-27-00.png'> <img src='C:\Users\Bindhu\eclipse-workspace\CPX_Framework\ScreenShots\Pass_screenshots\Clinical_NewEmp_24-08-2023_11-27-00.png' height='100' width='100'/> </a>]]>
  </system-out>
  <testcase classname="Testcases_US.US_Clinical_RegEmp" name="Clinical_NewEmp" time="27.075"/>
  <system-out>
    <![CDATA[<a href='C:\Users\Bindhu\eclipse-workspace\CPX_Framework\ScreenShots\Pass_screenshots\Clinical_NewEmp_24-08-2023_11-22-43.png'> <img src='C:\Users\Bindhu\eclipse-workspace\CPX_Framework\ScreenShots\Pass_screenshots\Clinical_NewEmp_24-08-2023_11-22-43.png' height='100' width='100'/> </a>]]>
  </system-out>
  <testcase classname="Testcases_US.US_Clinical_RegEmp" name="Clinical_NewEmp" time="561.039"/>
  <system-out>
    <![CDATA[<a href='C:\Users\Bindhu\eclipse-workspace\CPX_Framework\ScreenShots\Pass_screenshots\Clinical_NewEmp_24-08-2023_11-38-12.png'> <img src='C:\Users\Bindhu\eclipse-workspace\CPX_Framework\ScreenShots\Pass_screenshots\Clinical_NewEmp_24-08-2023_11-38-12.png' height='100' width='100'/> </a>]]>
  </system-out>
  <testcase classname="Testcases_US.US_Clinical_RegEmp" name="Clinical_NewEmp" time="22.801"/>
  <system-out>
    <![CDATA[<a href='C:\Users\Bindhu\eclipse-workspace\CPX_Framework\ScreenShots\Pass_screenshots\Clinical_NewEmp_24-08-2023_11-25-24.png'> <img src='C:\Users\Bindhu\eclipse-workspace\CPX_Framework\ScreenShots\Pass_screenshots\Clinical_NewEmp_24-08-2023_11-25-24.png' height='100' width='100'/> </a>]]>
  </system-out>
  <testcase classname="Testcases_US.US_Clinical_RegEmp" name="Clinical_NewEmp" time="21.250"/>
  <system-out>
    <![CDATA[<a href='C:\Users\Bindhu\eclipse-workspace\CPX_Framework\ScreenShots\Pass_screenshots\Clinical_NewEmp_24-08-2023_11-26-34.png'> <img src='C:\Users\Bindhu\eclipse-workspace\CPX_Framework\ScreenShots\Pass_screenshots\Clinical_NewEmp_24-08-2023_11-26-34.png' height='100' width='100'/> </a>]]>
  </system-out>
  <testcase classname="Testcases_US.US_Clinical_RegEmp" name="Clinical_NewEmp" time="17.827"/>
  <system-out>
    <![CDATA[<a href='C:\Users\Bindhu\eclipse-workspace\CPX_Framework\ScreenShots\Pass_screenshots\Clinical_NewEmp_24-08-2023_11-27-39.png'> <img src='C:\Users\Bindhu\eclipse-workspace\CPX_Framework\ScreenShots\Pass_screenshots\Clinical_NewEmp_24-08-2023_11-27-39.png' height='100' width='100'/> </a>]]>
  </system-out>
  <testcase classname="Testcases_US.US_Clinical_RegEmp" name="Clinical_NewEmp" time="20.361"/>
  <system-out>
    <![CDATA[<a href='C:\Users\Bindhu\eclipse-workspace\CPX_Framework\ScreenShots\Pass_screenshots\Clinical_NewEmp_24-08-2023_11-25-01.png'> <img src='C:\Users\Bindhu\eclipse-workspace\CPX_Framework\ScreenShots\Pass_screenshots\Clinical_NewEmp_24-08-2023_11-25-01.png' height='100' width='100'/> </a>]]>
  </system-out>
  <testcase classname="Testcases_US.US_Clinical_RegEmp" name="Clinical_NewEmp" time="20.103"/>
  <system-out>
    <![CDATA[<a href='C:\Users\Bindhu\eclipse-workspace\CPX_Framework\ScreenShots\Pass_screenshots\Clinical_NewEmp_24-08-2023_11-27-21.png'> <img src='C:\Users\Bindhu\eclipse-workspace\CPX_Framework\ScreenShots\Pass_screenshots\Clinical_NewEmp_24-08-2023_11-27-21.png' height='100' width='100'/> </a>]]>
  </system-out>
  <testcase classname="Testcases_US.US_Clinical_RegEmp" name="Clinical_NewEmp" time="18.907"/>
  <system-out>
    <![CDATA[<a href='C:\Users\Bindhu\eclipse-workspace\CPX_Framework\ScreenShots\Pass_screenshots\Clinical_NewEmp_24-08-2023_11-23-02.png'> <img src='C:\Users\Bindhu\eclipse-workspace\CPX_Framework\ScreenShots\Pass_screenshots\Clinical_NewEmp_24-08-2023_11-23-02.png' height='100' width='100'/> </a>]]>
  </system-out>
  <testcase classname="Testcases_US.US_Clinical_RegEmp" name="Clinical_NewEmp" time="25.588"/>
  <system-out>
    <![CDATA[<a href='C:\Users\Bindhu\eclipse-workspace\CPX_Framework\ScreenShots\Pass_screenshots\Clinical_NewEmp_24-08-2023_11-28-31.png'> <img src='C:\Users\Bindhu\eclipse-workspace\CPX_Framework\ScreenShots\Pass_screenshots\Clinical_NewEmp_24-08-2023_11-28-31.png' height='100' width='100'/> </a>]]>
  </system-out>
  <testcase classname="Testcases_US.US_Clinical_RegEmp" name="Clinical_NewEmp" time="730.479"/>
  <system-out>
    <![CDATA[<a href='C:\Users\Bindhu\eclipse-workspace\CPX_Framework\ScreenShots\Pass_screenshots\Clinical_NewEmp_24-08-2023_11-22-15.png'> <img src='C:\Users\Bindhu\eclipse-workspace\CPX_Framework\ScreenShots\Pass_screenshots\Clinical_NewEmp_24-08-2023_11-22-15.png' height='100' width='100'/> </a>]]>
  </system-out>
  <testcase classname="Testcases_US.US_Clinical_RegEmp" name="Clinical_NewEmp" time="25.946"/>
  <system-out>
    <![CDATA[<a href='C:\Users\Bindhu\eclipse-workspace\CPX_Framework\ScreenShots\Pass_screenshots\Clinical_NewEmp_24-08-2023_11-28-05.png'> <img src='C:\Users\Bindhu\eclipse-workspace\CPX_Framework\ScreenShots\Pass_screenshots\Clinical_NewEmp_24-08-2023_11-28-05.png' height='100' width='100'/> </a>]]>
  </system-out>
  <testcase classname="Testcases_US.US_Clinical_RegEmp" name="Clinical_NewEmp" time="26.414"/>
  <system-out>
    <![CDATA[<a href='C:\Users\Bindhu\eclipse-workspace\CPX_Framework\ScreenShots\Pass_screenshots\Clinical_NewEmp_24-08-2023_11-26-12.png'> <img src='C:\Users\Bindhu\eclipse-workspace\CPX_Framework\ScreenShots\Pass_screenshots\Clinical_NewEmp_24-08-2023_11-26-12.png' height='100' width='100'/> </a>]]>
  </system-out>
  <testcase classname="Testcases_US.US_Clinical_RegEmp" name="Clinical_NewEmp" time="27.148"/>
  <system-out>
    <![CDATA[<a href='C:\Users\Bindhu\eclipse-workspace\CPX_Framework\ScreenShots\Pass_screenshots\Clinical_NewEmp_24-08-2023_11-23-30.png'> <img src='C:\Users\Bindhu\eclipse-workspace\CPX_Framework\ScreenShots\Pass_screenshots\Clinical_NewEmp_24-08-2023_11-23-30.png' height='100' width='100'/> </a>]]>
  </system-out>
  <testcase classname="Testcases_US.US_Clinical_RegEmp" name="Clinical_NewEmp" time="21.224"/>
  <system-out>
    <![CDATA[<a href='C:\Users\Bindhu\eclipse-workspace\CPX_Framework\ScreenShots\Pass_screenshots\Clinical_NewEmp_24-08-2023_11-23-51.png'> <img src='C:\Users\Bindhu\eclipse-workspace\CPX_Framework\ScreenShots\Pass_screenshots\Clinical_NewEmp_24-08-2023_11-23-51.png' height='100' width='100'/> </a>]]>
  </system-out>
  <testcase classname="Testcases_US.US_Clinical_RegEmp" name="Clinical_NewEmp" time="21.658"/>
  <system-out>
    <![CDATA[<a href='C:\Users\Bindhu\eclipse-workspace\CPX_Framework\ScreenShots\Pass_screenshots\Clinical_NewEmp_24-08-2023_11-24-13.png'> <img src='C:\Users\Bindhu\eclipse-workspace\CPX_Framework\ScreenShots\Pass_screenshots\Clinical_NewEmp_24-08-2023_11-24-13.png' height='100' width='100'/> </a>]]>
  </system-out>
  <testcase classname="Testcases_US.US_Clinical_RegEmp" name="Clinical_NewEmp" time="27.070"/>
  <system-out>
    <![CDATA[<a href='C:\Users\Bindhu\eclipse-workspace\CPX_Framework\ScreenShots\Pass_screenshots\Clinical_NewEmp_24-08-2023_11-24-41.png'> <img src='C:\Users\Bindhu\eclipse-workspace\CPX_Framework\ScreenShots\Pass_screenshots\Clinical_NewEmp_24-08-2023_11-24-41.png' height='100' width='100'/> </a>]]>
  </system-out>
  <testcase classname="Testcases_US.US_Clinical_RegEmp" name="Clinical_NewEmp" time="20.943"/>
  <system-out>
    <![CDATA[<a href='C:\Users\Bindhu\eclipse-workspace\CPX_Framework\ScreenShots\Pass_screenshots\Clinical_NewEmp_24-08-2023_11-25-46.png'> <img src='C:\Users\Bindhu\eclipse-workspace\CPX_Framework\ScreenShots\Pass_screenshots\Clinical_NewEmp_24-08-2023_11-25-46.png' height='100' width='100'/> </a>]]>
  </system-out>
  <testcase classname="Testcases_US.US_Clinical_RegEmp" name="Clinical_NewEmp" time="19.959"/>
  <system-out>
    <![CDATA[<a href='C:\Users\Bindhu\eclipse-workspace\CPX_Framework\ScreenShots\Pass_screenshots\Clinical_NewEmp_24-08-2023_11-28-51.png'> <img src='C:\Users\Bindhu\eclipse-workspace\CPX_Framework\ScreenShots\Pass_screenshots\Clinical_NewEmp_24-08-2023_11-28-51.png' height='100' width='100'/> </a>]]>
  </system-out>
</testsuite> <!-- Testcases_US.US_Clinical_RegEmp -->
