<?xml version="1.0" encoding="UTF-8"?>
<!-- Generated by org.testng.reporters.JUnitReportReporter -->
<testsuite hostname="DESKTOP-RRGPARO" failures="0" tests="1" name="Testcases_US.US_InvestmentApp" time="29.239" errors="0" timestamp="2023-10-06T14:03:08 IST" skipped="0">
  <testcase classname="Testcases_US.US_InvestmentApp" name="LoginPage" time="29.239"/>
  <system-out>
    <![CDATA[<a href='C:\Users\Bindhu\eclipse-workspace\CPX_Framework\ScreenShots\Pass_screenshots\LoginPage_06-10-2023_02-03-08.png'> <img src='C:\Users\Bindhu\eclipse-workspace\CPX_Framework\ScreenShots\Pass_screenshots\LoginPage_06-10-2023_02-03-08.png' height='100' width='100'/> </a>]]>
  </system-out>
</testsuite> <!-- Testcases_US.US_InvestmentApp -->
