<?xml version="1.0" encoding="UTF-8"?>
<!-- Generated by org.testng.reporters.JUnitReportReporter -->
<testsuite hostname="DESKTOP-RRGPARO" failures="0" tests="9" name="Testcases_US.US_DH_RegEmp" time="125.088" errors="0" timestamp="2023-11-18T13:10:13 IST" skipped="0">
  <testcase classname="Testcases_US.US_DH_RegEmp" name="AddNewCandidate" time="0.559"/>
  <system-out/>
  <testcase classname="Testcases_US.US_DH_RegEmp" name="SubmitCandAndReq" time="0.273"/>
  <system-out/>
  <testcase classname="Testcases_US.US_DH_RegEmp" name="OfferAccept" time="25.273"/>
  <system-out/>
  <testcase classname="Testcases_US.US_DH_RegEmp" name="OfferRequest" time="12.755"/>
  <system-out/>
  <testcase classname="Testcases_US.US_DH_RegEmp" name="LoginPage" time="10.459"/>
  <system-out/>
  <testcase classname="Testcases_US.US_DH_RegEmp" name="Create_DirectHire" time="14.856"/>
  <system-out/>
  <testcase classname="Testcases_US.US_DH_RegEmp" name="DirectHireApproval" time="25.989"/>
  <system-out/>
  <testcase classname="Testcases_US.US_DH_RegEmp" name="SearchRequirement" time="19.338"/>
  <system-out/>
  <testcase classname="Testcases_US.US_DH_RegEmp" name="ViewEmp_DH_Module" time="15.586"/>
  <system-out/>
</testsuite> <!-- Testcases_US.US_DH_RegEmp -->
