<?xml version="1.0" encoding="UTF-8"?>
<!-- Generated by org.testng.reporters.JUnitReportReporter -->
<testsuite hostname="DESKTOP-RRGPARO" failures="0" tests="1" name="TestCases_India.India_InvestmentApplication" time="81.270" errors="0" timestamp="2023-11-06T14:10:34 IST" skipped="0">
  <testcase classname="TestCases_India.India_InvestmentApplication" name="LoginPage" time="81.270"/>
  <system-out>
    <![CDATA[<a href='C:\Users\Bindhu\eclipse-workspace\CPX_Framework\ScreenShots\Pass_screenshots\LoginPage_06-11-2023_02-10-33.png'> <img src='C:\Users\Bindhu\eclipse-workspace\CPX_Framework\ScreenShots\Pass_screenshots\LoginPage_06-11-2023_02-10-33.png' height='100' width='100'/> </a>]]>
  </system-out>
</testsuite> <!-- TestCases_India.India_InvestmentApplication -->
