<?xml version="1.0" encoding="UTF-8"?>
<!-- Generated by org.testng.reporters.JUnitReportReporter -->
<testsuite hostname="DESKTOP-RRGPARO" failures="0" tests="1" name="Testcases_US.US_Clinical_Sterling" time="247.592" errors="0" timestamp="2023-08-26T12:14:29 IST" skipped="0">
  <testcase classname="Testcases_US.US_Clinical_Sterling" name="Clinical_NewEmp" time="247.592"/>
  <system-out>
    <![CDATA[<a href='C:\Users\Bindhu\eclipse-workspace\CPX_Framework\ScreenShots\Pass_screenshots\Clinical_NewEmp_26-08-2023_12-14-29.png'> <img src='C:\Users\Bindhu\eclipse-workspace\CPX_Framework\ScreenShots\Pass_screenshots\Clinical_NewEmp_26-08-2023_12-14-29.png' height='100' width='100'/> </a>]]>
  </system-out>
</testsuite> <!-- Testcases_US.US_Clinical_Sterling -->
