<?xml version="1.0" encoding="UTF-8"?>
<!-- Generated by org.testng.reporters.JUnitReportReporter -->
<testsuite hostname="DESKTOP-RRGPARO" failures="0" tests="1" name="TestCases_SmartSoc.SmartSoc_SubmitExisting_Emp" time="1199.615" errors="0" timestamp="2023-06-21T11:25:59 IST" skipped="0">
  <testcase classname="TestCases_SmartSoc.SmartSoc_SubmitExisting_Emp" name="Employee" time="1199.615"/>
  <system-out/>
</testsuite> <!-- TestCases_SmartSoc.SmartSoc_SubmitExisting_Emp -->
