<?xml version="1.0" encoding="UTF-8"?>
<!-- Generated by org.testng.reporters.JUnitReportReporter -->
<testsuite hostname="DESKTOP-RRGPARO" failures="0" tests="1" name="TestCases_Canada.Employee_DirectHire" time="283.203" errors="0" timestamp="2023-04-04T15:29:17 IST" skipped="0">
  <testcase classname="TestCases_Canada.Employee_DirectHire" name="Employee" time="283.203"/>
  <system-out/>
</testsuite> <!-- TestCases_Canada.Employee_DirectHire -->
