<?xml version="1.0" encoding="UTF-8"?>
<!-- Generated by org.testng.reporters.JUnitReportReporter -->
<testsuite hostname="DESKTOP-RRGPARO" failures="0" tests="18" name="Testcases_US.US_TestCase" time="46.779" errors="0" timestamp="2023-08-21T18:31:54 IST" skipped="0">
  <testcase classname="Testcases_US.US_TestCase" name="Submit_NewCand" time="1.349"/>
  <system-out>
    <![CDATA[<a href='C:\Users\Bindhu\eclipse-workspace\CPX_Framework\ScreenShots\Pass_screenshots\Submit_NewCand_21-08-2023_06-31-34.png'> <img src='C:\Users\Bindhu\eclipse-workspace\CPX_Framework\ScreenShots\Pass_screenshots\Submit_NewCand_21-08-2023_06-31-34.png' height='100' width='100'/> </a>]]>
  </system-out>
  <testcase classname="Testcases_US.US_TestCase" name="Submit_NewCand" time="1.380"/>
  <system-out>
    <![CDATA[<a href='C:\Users\Bindhu\eclipse-workspace\CPX_Framework\ScreenShots\Pass_screenshots\Submit_NewCand_21-08-2023_06-31-37.png'> <img src='C:\Users\Bindhu\eclipse-workspace\CPX_Framework\ScreenShots\Pass_screenshots\Submit_NewCand_21-08-2023_06-31-37.png' height='100' width='100'/> </a>]]>
  </system-out>
  <testcase classname="Testcases_US.US_TestCase" name="Submit_NewCand" time="1.333"/>
  <system-out>
    <![CDATA[<a href='C:\Users\Bindhu\eclipse-workspace\CPX_Framework\ScreenShots\Pass_screenshots\Submit_NewCand_21-08-2023_06-31-32.png'> <img src='C:\Users\Bindhu\eclipse-workspace\CPX_Framework\ScreenShots\Pass_screenshots\Submit_NewCand_21-08-2023_06-31-32.png' height='100' width='100'/> </a>]]>
  </system-out>
  <testcase classname="Testcases_US.US_TestCase" name="Submit_NewCand" time="23.810"/>
  <system-out>
    <![CDATA[<a href='C:\Users\Bindhu\eclipse-workspace\CPX_Framework\ScreenShots\Pass_screenshots\Submit_NewCand_21-08-2023_06-31-28.png'> <img src='C:\Users\Bindhu\eclipse-workspace\CPX_Framework\ScreenShots\Pass_screenshots\Submit_NewCand_21-08-2023_06-31-28.png' height='100' width='100'/> </a>]]>
  </system-out>
  <testcase classname="Testcases_US.US_TestCase" name="Submit_NewCand" time="1.317"/>
  <system-out>
    <![CDATA[<a href='C:\Users\Bindhu\eclipse-workspace\CPX_Framework\ScreenShots\Pass_screenshots\Submit_NewCand_21-08-2023_06-31-52.png'> <img src='C:\Users\Bindhu\eclipse-workspace\CPX_Framework\ScreenShots\Pass_screenshots\Submit_NewCand_21-08-2023_06-31-52.png' height='100' width='100'/> </a>]]>
  </system-out>
  <testcase classname="Testcases_US.US_TestCase" name="Submit_NewCand" time="1.381"/>
  <system-out>
    <![CDATA[<a href='C:\Users\Bindhu\eclipse-workspace\CPX_Framework\ScreenShots\Pass_screenshots\Submit_NewCand_21-08-2023_06-31-54.png'> <img src='C:\Users\Bindhu\eclipse-workspace\CPX_Framework\ScreenShots\Pass_screenshots\Submit_NewCand_21-08-2023_06-31-54.png' height='100' width='100'/> </a>]]>
  </system-out>
  <testcase classname="Testcases_US.US_TestCase" name="Submit_NewCand" time="1.348"/>
  <system-out>
    <![CDATA[<a href='C:\Users\Bindhu\eclipse-workspace\CPX_Framework\ScreenShots\Pass_screenshots\Submit_NewCand_21-08-2023_06-31-43.png'> <img src='C:\Users\Bindhu\eclipse-workspace\CPX_Framework\ScreenShots\Pass_screenshots\Submit_NewCand_21-08-2023_06-31-43.png' height='100' width='100'/> </a>]]>
  </system-out>
  <testcase classname="Testcases_US.US_TestCase" name="Submit_NewCand" time="1.350"/>
  <system-out>
    <![CDATA[<a href='C:\Users\Bindhu\eclipse-workspace\CPX_Framework\ScreenShots\Pass_screenshots\Submit_NewCand_21-08-2023_06-31-40.png'> <img src='C:\Users\Bindhu\eclipse-workspace\CPX_Framework\ScreenShots\Pass_screenshots\Submit_NewCand_21-08-2023_06-31-40.png' height='100' width='100'/> </a>]]>
  </system-out>
  <testcase classname="Testcases_US.US_TestCase" name="Submit_NewCand" time="1.348"/>
  <system-out>
    <![CDATA[<a href='C:\Users\Bindhu\eclipse-workspace\CPX_Framework\ScreenShots\Pass_screenshots\Submit_NewCand_21-08-2023_06-31-31.png'> <img src='C:\Users\Bindhu\eclipse-workspace\CPX_Framework\ScreenShots\Pass_screenshots\Submit_NewCand_21-08-2023_06-31-31.png' height='100' width='100'/> </a>]]>
  </system-out>
  <testcase classname="Testcases_US.US_TestCase" name="Submit_NewCand" time="1.288"/>
  <system-out>
    <![CDATA[<a href='C:\Users\Bindhu\eclipse-workspace\CPX_Framework\ScreenShots\Pass_screenshots\Submit_NewCand_21-08-2023_06-31-41.png'> <img src='C:\Users\Bindhu\eclipse-workspace\CPX_Framework\ScreenShots\Pass_screenshots\Submit_NewCand_21-08-2023_06-31-41.png' height='100' width='100'/> </a>]]>
  </system-out>
  <testcase classname="Testcases_US.US_TestCase" name="Submit_NewCand" time="1.162"/>
  <system-out>
    <![CDATA[<a href='C:\Users\Bindhu\eclipse-workspace\CPX_Framework\ScreenShots\Pass_screenshots\Submit_NewCand_21-08-2023_06-31-38.png'> <img src='C:\Users\Bindhu\eclipse-workspace\CPX_Framework\ScreenShots\Pass_screenshots\Submit_NewCand_21-08-2023_06-31-38.png' height='100' width='100'/> </a>]]>
  </system-out>
  <testcase classname="Testcases_US.US_TestCase" name="Submit_NewCand" time="1.381"/>
  <system-out>
    <![CDATA[<a href='C:\Users\Bindhu\eclipse-workspace\CPX_Framework\ScreenShots\Pass_screenshots\Submit_NewCand_21-08-2023_06-31-45.png'> <img src='C:\Users\Bindhu\eclipse-workspace\CPX_Framework\ScreenShots\Pass_screenshots\Submit_NewCand_21-08-2023_06-31-45.png' height='100' width='100'/> </a>]]>
  </system-out>
  <testcase classname="Testcases_US.US_TestCase" name="Submit_NewCand" time="1.357"/>
  <system-out>
    <![CDATA[<a href='C:\Users\Bindhu\eclipse-workspace\CPX_Framework\ScreenShots\Pass_screenshots\Submit_NewCand_21-08-2023_06-31-49.png'> <img src='C:\Users\Bindhu\eclipse-workspace\CPX_Framework\ScreenShots\Pass_screenshots\Submit_NewCand_21-08-2023_06-31-49.png' height='100' width='100'/> </a>]]>
  </system-out>
  <testcase classname="Testcases_US.US_TestCase" name="Submit_NewCand" time="1.346"/>
  <system-out>
    <![CDATA[<a href='C:\Users\Bindhu\eclipse-workspace\CPX_Framework\ScreenShots\Pass_screenshots\Submit_NewCand_21-08-2023_06-31-46.png'> <img src='C:\Users\Bindhu\eclipse-workspace\CPX_Framework\ScreenShots\Pass_screenshots\Submit_NewCand_21-08-2023_06-31-46.png' height='100' width='100'/> </a>]]>
  </system-out>
  <testcase classname="Testcases_US.US_TestCase" name="Submit_NewCand" time="1.577"/>
  <system-out>
    <![CDATA[<a href='C:\Users\Bindhu\eclipse-workspace\CPX_Framework\ScreenShots\Pass_screenshots\Submit_NewCand_21-08-2023_06-31-29.png'> <img src='C:\Users\Bindhu\eclipse-workspace\CPX_Framework\ScreenShots\Pass_screenshots\Submit_NewCand_21-08-2023_06-31-29.png' height='100' width='100'/> </a>]]>
  </system-out>
  <testcase classname="Testcases_US.US_TestCase" name="Submit_NewCand" time="1.417"/>
  <system-out>
    <![CDATA[<a href='C:\Users\Bindhu\eclipse-workspace\CPX_Framework\ScreenShots\Pass_screenshots\Submit_NewCand_21-08-2023_06-31-51.png'> <img src='C:\Users\Bindhu\eclipse-workspace\CPX_Framework\ScreenShots\Pass_screenshots\Submit_NewCand_21-08-2023_06-31-51.png' height='100' width='100'/> </a>]]>
  </system-out>
  <testcase classname="Testcases_US.US_TestCase" name="Submit_NewCand" time="1.318"/>
  <system-out>
    <![CDATA[<a href='C:\Users\Bindhu\eclipse-workspace\CPX_Framework\ScreenShots\Pass_screenshots\Submit_NewCand_21-08-2023_06-31-35.png'> <img src='C:\Users\Bindhu\eclipse-workspace\CPX_Framework\ScreenShots\Pass_screenshots\Submit_NewCand_21-08-2023_06-31-35.png' height='100' width='100'/> </a>]]>
  </system-out>
  <testcase classname="Testcases_US.US_TestCase" name="Submit_NewCand" time="1.317"/>
  <system-out>
    <![CDATA[<a href='C:\Users\Bindhu\eclipse-workspace\CPX_Framework\ScreenShots\Pass_screenshots\Submit_NewCand_21-08-2023_06-31-48.png'> <img src='C:\Users\Bindhu\eclipse-workspace\CPX_Framework\ScreenShots\Pass_screenshots\Submit_NewCand_21-08-2023_06-31-48.png' height='100' width='100'/> </a>]]>
  </system-out>
</testsuite> <!-- Testcases_US.US_TestCase -->
